# JRE version: Java(TM) SE Runtime Environment (8.0_261-b12) (build 1.8.0_261-b12)
# Java VM: Java HotSpot(TM) 64-Bit Server VM (25.261-b12 mixed mode windows-amd64 compressed oops)
Heap:
 PSYoungGen      total 305664K, used 94100K [0x000000076ab00000, 0x0000000787400000, 0x00000007c0000000)
  eden space 262144K, 19% used [0x000000076ab00000,0x000000076dc6b118,0x000000077ab00000)
  from space 43520K, 99% used [0x000000077ab00000,0x000000077d57a1f8,0x000000077d580000)
  to   space 43520K, 0% used [0x0000000784980000,0x0000000784980000,0x0000000787400000)
 ParOldGen       total 699392K, used 33388K [0x00000006c0000000, 0x00000006eab00000, 0x000000076ab00000)
  object space 699392K, 4% used [0x00000006c0000000,0x00000006c209b090,0x00000006eab00000)
 Metaspace       used 35676K, capacity 37382K, committed 37504K, reserved 1081344K
  class space    used 4639K, capacity 4963K, committed 4992K, reserved 1048576K
GC Heap History (10 events):
Event: 5.809 GC heap before
{Heap before GC invocations=1 (full 0):
 PSYoungGen      total 305664K, used 157384K [0x000000076ab00000, 0x0000000780000000, 0x00000007c0000000)
  eden space 262144K, 60% used [0x000000076ab00000,0x00000007744b22f8,0x000000077ab00000)
  from space 43520K, 0% used [0x000000077d580000,0x000000077d580000,0x0000000780000000)
  to   space 43520K, 0% used [0x000000077ab00000,0x000000077ab00000,0x000000077d580000)
 ParOldGen       total 699392K, used 0K [0x00000006c0000000, 0x00000006eab00000, 0x000000076ab00000)
  object space 699392K, 0% used [0x00000006c0000000,0x00000006c0000000,0x00000006eab00000)
 Metaspace       used 20695K, capacity 21222K, committed 21296K, reserved 1067008K
  class space    used 2717K, capacity 2894K, committed 2944K, reserved 1048576K
Event: 5.832 GC heap after
Heap after GC invocations=1 (full 0):
 PSYoungGen      total 305664K, used 14192K [0x000000076ab00000, 0x0000000780000000, 0x00000007c0000000)
  eden space 262144K, 0% used [0x000000076ab00000,0x000000076ab00000,0x000000077ab00000)
  from space 43520K, 32% used [0x000000077ab00000,0x000000077b8dc388,0x000000077d580000)
  to   space 43520K, 0% used [0x000000077d580000,0x000000077d580000,0x0000000780000000)
 ParOldGen       total 699392K, used 16K [0x00000006c0000000, 0x00000006eab00000, 0x000000076ab00000)
  object space 699392K, 0% used [0x00000006c0000000,0x00000006c0004000,0x00000006eab00000)
 Metaspace       used 20695K, capacity 21222K, committed 21296K, reserved 1067008K
  class space    used 2717K, capacity 2894K, committed 2944K, reserved 1048576K
}
Event: 5.832 GC heap before
{Heap before GC invocations=2 (full 1):
 PSYoungGen      total 305664K, used 14192K [0x000000076ab00000, 0x0000000780000000, 0x00000007c0000000)
  eden space 262144K, 0% used [0x000000076ab00000,0x000000076ab00000,0x000000077ab00000)
  from space 43520K, 32% used [0x000000077ab00000,0x000000077b8dc388,0x000000077d580000)
  to   space 43520K, 0% used [0x000000077d580000,0x000000077d580000,0x0000000780000000)
 ParOldGen       total 699392K, used 16K [0x00000006c0000000, 0x00000006eab00000, 0x000000076ab00000)
  object space 699392K, 0% used [0x00000006c0000000,0x00000006c0004000,0x00000006eab00000)
 Metaspace       used 20695K, capacity 21222K, committed 21296K, reserved 1067008K
  class space    used 2717K, capacity 2894K, committed 2944K, reserved 1048576K
Event: 5.900 GC heap after
Heap after GC invocations=2 (full 1):
 PSYoungGen      total 305664K, used 0K [0x000000076ab00000, 0x0000000780000000, 0x00000007c0000000)
  eden space 262144K, 0% used [0x000000076ab00000,0x000000076ab00000,0x000000077ab00000)
  from space 43520K, 0% used [0x000000077ab00000,0x000000077ab00000,0x000000077d580000)
  to   space 43520K, 0% used [0x000000077d580000,0x000000077d580000,0x0000000780000000)
 ParOldGen       total 699392K, used 13608K [0x00000006c0000000, 0x00000006eab00000, 0x000000076ab00000)
  object space 699392K, 1% used [0x00000006c0000000,0x00000006c0d4a010,0x00000006eab00000)
 Metaspace       used 20693K, capacity 21216K, committed 21296K, reserved 1067008K
  class space    used 2716K, capacity 2893K, committed 2944K, reserved 1048576K
}
Event: 32.390 GC heap before
{Heap before GC invocations=3 (full 1):
 PSYoungGen      total 305664K, used 199063K [0x000000076ab00000, 0x0000000780000000, 0x00000007c0000000)
  eden space 262144K, 75% used [0x000000076ab00000,0x0000000776d65c70,0x000000077ab00000)
  from space 43520K, 0% used [0x000000077ab00000,0x000000077ab00000,0x000000077d580000)
  to   space 43520K, 0% used [0x000000077d580000,0x000000077d580000,0x0000000780000000)
 ParOldGen       total 699392K, used 13608K [0x00000006c0000000, 0x00000006eab00000, 0x000000076ab00000)
  object space 699392K, 1% used [0x00000006c0000000,0x00000006c0d4a010,0x00000006eab00000)
 Metaspace       used 33783K, capacity 35328K, committed 35496K, reserved 1079296K
  class space    used 4463K, capacity 4758K, committed 4864K, reserved 1048576K
Event: 32.413 GC heap after
Heap after GC invocations=3 (full 1):
 PSYoungGen      total 305664K, used 20718K [0x000000076ab00000, 0x0000000782a80000, 0x00000007c0000000)
  eden space 262144K, 0% used [0x000000076ab00000,0x000000076ab00000,0x000000077ab00000)
  from space 43520K, 47% used [0x000000077d580000,0x000000077e9bb918,0x0000000780000000)
  to   space 43520K, 0% used [0x000000077ab00000,0x000000077ab00000,0x000000077d580000)
 ParOldGen       total 699392K, used 13680K [0x00000006c0000000, 0x00000006eab00000, 0x000000076ab00000)
  object space 699392K, 1% used [0x00000006c0000000,0x00000006c0d5c020,0x00000006eab00000)
 Metaspace       used 33783K, capacity 35328K, committed 35496K, reserved 1079296K
  class space    used 4463K, capacity 4758K, committed 4864K, reserved 1048576K
}
Event: 32.413 GC heap before
{Heap before GC invocations=4 (full 2):
 PSYoungGen      total 305664K, used 20718K [0x000000076ab00000, 0x0000000782a80000, 0x00000007c0000000)
  eden space 262144K, 0% used [0x000000076ab00000,0x000000076ab00000,0x000000077ab00000)
  from space 43520K, 47% used [0x000000077d580000,0x000000077e9bb918,0x0000000780000000)
  to   space 43520K, 0% used [0x000000077ab00000,0x000000077ab00000,0x000000077d580000)
 ParOldGen       total 699392K, used 13680K [0x00000006c0000000, 0x00000006eab00000, 0x000000076ab00000)
  object space 699392K, 1% used [0x00000006c0000000,0x00000006c0d5c020,0x00000006eab00000)
 Metaspace       used 33783K, capacity 35328K, committed 35496K, reserved 1079296K
  class space    used 4463K, capacity 4758K, committed 4864K, reserved 1048576K
Event: 32.500 GC heap after
Heap after GC invocations=4 (full 2):
 PSYoungGen      total 305664K, used 0K [0x000000076ab00000, 0x0000000782a80000, 0x00000007c0000000)
  eden space 262144K, 0% used [0x000000076ab00000,0x000000076ab00000,0x000000077ab00000)
  from space 43520K, 0% used [0x000000077d580000,0x000000077d580000,0x0000000780000000)
  to   space 43520K, 0% used [0x000000077ab00000,0x000000077ab00000,0x000000077d580000)
 ParOldGen       total 699392K, used 24796K [0x00000006c0000000, 0x00000006eab00000, 0x000000076ab00000)
  object space 699392K, 3% used [0x00000006c0000000,0x00000006c1837378,0x00000006eab00000)
 Metaspace       used 33783K, capacity 35328K, committed 35496K, reserved 1079296K
  class space    used 4463K, capacity 4758K, committed 4864K, reserved 1048576K
}
Event: 34.021 GC heap before
{Heap before GC invocations=5 (full 2):
 PSYoungGen      total 305664K, used 262144K [0x000000076ab00000, 0x0000000782a80000, 0x00000007c0000000)
  eden space 262144K, 100% used [0x000000076ab00000,0x000000077ab00000,0x000000077ab00000)
  from space 43520K, 0% used [0x000000077d580000,0x000000077d580000,0x0000000780000000)
  to   space 43520K, 0% used [0x000000077ab00000,0x000000077ab00000,0x000000077d580000)
 ParOldGen       total 699392K, used 24796K [0x00000006c0000000, 0x00000006eab00000, 0x000000076ab00000)
  object space 699392K, 3% used [0x00000006c0000000,0x00000006c1837378,0x00000006eab00000)
 Metaspace       used 35612K, capacity 37318K, committed 37504K, reserved 1081344K
  class space    used 4639K, capacity 4963K, committed 4992K, reserved 1048576K
Event: 34.045 GC heap after
Heap after GC invocations=5 (full 2):
 PSYoungGen      total 305664K, used 43496K [0x000000076ab00000, 0x0000000787400000, 0x00000007c0000000)
  eden space 262144K, 0% used [0x000000076ab00000,0x000000076ab00000,0x000000077ab00000)
  from space 43520K, 99% used [0x000000077ab00000,0x000000077d57a1f8,0x000000077d580000)
  to   space 43520K, 0% used [0x0000000784980000,0x0000000784980000,0x0000000787400000)
 ParOldGen       total 699392K, used 33388K [0x00000006c0000000, 0x00000006eab00000, 0x000000076ab00000)
  object space 699392K, 4% used [0x00000006c0000000,0x00000006c209b090,0x00000006eab00000)
 Metaspace       used 35612K, capacity 37318K, committed 37504K, reserved 1081344K
  class space    used 4639K, capacity 4963K, committed 4992K, reserved 1048576K
}

