# JRE version: Java(TM) SE Runtime Environment (8.0_261-b12) (build 1.8.0_261-b12)
# Java VM: Java HotSpot(TM) 64-Bit Server VM (25.261-b12 mixed mode windows-amd64 compressed oops)
Heap:
 PSYoungGen      total 305664K, used 179548K [0x000000076ab00000, 0x0000000786380000, 0x00000007c0000000)
  eden space 262144K, 57% used [0x000000076ab00000,0x0000000773d41d98,0x000000077ab00000)
  from space 43520K, 68% used [0x000000077ab00000,0x000000077c8155d8,0x000000077d580000)
  to   space 43520K, 0% used [0x0000000783900000,0x0000000783900000,0x0000000786380000)
 ParOldGen       total 699392K, used 25008K [0x00000006c0000000, 0x00000006eab00000, 0x000000076ab00000)
  object space 699392K, 3% used [0x00000006c0000000,0x00000006c186c280,0x00000006eab00000)
 Metaspace       used 35509K, capacity 37128K, committed 37248K, reserved 1081344K
  class space    used 4638K, capacity 4964K, committed 4992K, reserved 1048576K
GC Heap History (10 events):
Event: 5.899 GC heap before
{Heap before GC invocations=1 (full 0):
 PSYoungGen      total 305664K, used 157294K [0x000000076ab00000, 0x0000000780000000, 0x00000007c0000000)
  eden space 262144K, 60% used [0x000000076ab00000,0x000000077449ba48,0x000000077ab00000)
  from space 43520K, 0% used [0x000000077d580000,0x000000077d580000,0x0000000780000000)
  to   space 43520K, 0% used [0x000000077ab00000,0x000000077ab00000,0x000000077d580000)
 ParOldGen       total 699392K, used 0K [0x00000006c0000000, 0x00000006eab00000, 0x000000076ab00000)
  object space 699392K, 0% used [0x00000006c0000000,0x00000006c0000000,0x00000006eab00000)
 Metaspace       used 20691K, capacity 21226K, committed 21296K, reserved 1067008K
  class space    used 2726K, capacity 2896K, committed 2944K, reserved 1048576K
Event: 5.927 GC heap after
Heap after GC invocations=1 (full 0):
 PSYoungGen      total 305664K, used 14545K [0x000000076ab00000, 0x0000000780000000, 0x00000007c0000000)
  eden space 262144K, 0% used [0x000000076ab00000,0x000000076ab00000,0x000000077ab00000)
  from space 43520K, 33% used [0x000000077ab00000,0x000000077b934510,0x000000077d580000)
  to   space 43520K, 0% used [0x000000077d580000,0x000000077d580000,0x0000000780000000)
 ParOldGen       total 699392K, used 24K [0x00000006c0000000, 0x00000006eab00000, 0x000000076ab00000)
  object space 699392K, 0% used [0x00000006c0000000,0x00000006c0006000,0x00000006eab00000)
 Metaspace       used 20691K, capacity 21226K, committed 21296K, reserved 1067008K
  class space    used 2726K, capacity 2896K, committed 2944K, reserved 1048576K
}
Event: 5.927 GC heap before
{Heap before GC invocations=2 (full 1):
 PSYoungGen      total 305664K, used 14545K [0x000000076ab00000, 0x0000000780000000, 0x00000007c0000000)
  eden space 262144K, 0% used [0x000000076ab00000,0x000000076ab00000,0x000000077ab00000)
  from space 43520K, 33% used [0x000000077ab00000,0x000000077b934510,0x000000077d580000)
  to   space 43520K, 0% used [0x000000077d580000,0x000000077d580000,0x0000000780000000)
 ParOldGen       total 699392K, used 24K [0x00000006c0000000, 0x00000006eab00000, 0x000000076ab00000)
  object space 699392K, 0% used [0x00000006c0000000,0x00000006c0006000,0x00000006eab00000)
 Metaspace       used 20691K, capacity 21226K, committed 21296K, reserved 1067008K
  class space    used 2726K, capacity 2896K, committed 2944K, reserved 1048576K
Event: 6.008 GC heap after
Heap after GC invocations=2 (full 1):
 PSYoungGen      total 305664K, used 0K [0x000000076ab00000, 0x0000000780000000, 0x00000007c0000000)
  eden space 262144K, 0% used [0x000000076ab00000,0x000000076ab00000,0x000000077ab00000)
  from space 43520K, 0% used [0x000000077ab00000,0x000000077ab00000,0x000000077d580000)
  to   space 43520K, 0% used [0x000000077d580000,0x000000077d580000,0x0000000780000000)
 ParOldGen       total 699392K, used 13862K [0x00000006c0000000, 0x00000006eab00000, 0x000000076ab00000)
  object space 699392K, 1% used [0x00000006c0000000,0x00000006c0d89a30,0x00000006eab00000)
 Metaspace       used 20689K, capacity 21220K, committed 21296K, reserved 1067008K
  class space    used 2726K, capacity 2895K, committed 2944K, reserved 1048576K
}
Event: 70.205 GC heap before
{Heap before GC invocations=3 (full 1):
 PSYoungGen      total 305664K, used 199700K [0x000000076ab00000, 0x0000000780000000, 0x00000007c0000000)
  eden space 262144K, 76% used [0x000000076ab00000,0x0000000776e051e8,0x000000077ab00000)
  from space 43520K, 0% used [0x000000077ab00000,0x000000077ab00000,0x000000077d580000)
  to   space 43520K, 0% used [0x000000077d580000,0x000000077d580000,0x0000000780000000)
 ParOldGen       total 699392K, used 13862K [0x00000006c0000000, 0x00000006eab00000, 0x000000076ab00000)
  object space 699392K, 1% used [0x00000006c0000000,0x00000006c0d89a30,0x00000006eab00000)
 Metaspace       used 33809K, capacity 35398K, committed 35496K, reserved 1079296K
  class space    used 4477K, capacity 4797K, committed 4864K, reserved 1048576K
Event: 70.228 GC heap after
Heap after GC invocations=3 (full 1):
 PSYoungGen      total 305664K, used 20971K [0x000000076ab00000, 0x0000000782880000, 0x00000007c0000000)
  eden space 262144K, 0% used [0x000000076ab00000,0x000000076ab00000,0x000000077ab00000)
  from space 43520K, 48% used [0x000000077d580000,0x000000077e9fad00,0x0000000780000000)
  to   space 43520K, 0% used [0x000000077ab00000,0x000000077ab00000,0x000000077d580000)
 ParOldGen       total 699392K, used 13934K [0x00000006c0000000, 0x00000006eab00000, 0x000000076ab00000)
  object space 699392K, 1% used [0x00000006c0000000,0x00000006c0d9ba40,0x00000006eab00000)
 Metaspace       used 33809K, capacity 35398K, committed 35496K, reserved 1079296K
  class space    used 4477K, capacity 4797K, committed 4864K, reserved 1048576K
}
Event: 70.228 GC heap before
{Heap before GC invocations=4 (full 2):
 PSYoungGen      total 305664K, used 20971K [0x000000076ab00000, 0x0000000782880000, 0x00000007c0000000)
  eden space 262144K, 0% used [0x000000076ab00000,0x000000076ab00000,0x000000077ab00000)
  from space 43520K, 48% used [0x000000077d580000,0x000000077e9fad00,0x0000000780000000)
  to   space 43520K, 0% used [0x000000077ab00000,0x000000077ab00000,0x000000077d580000)
 ParOldGen       total 699392K, used 13934K [0x00000006c0000000, 0x00000006eab00000, 0x000000076ab00000)
  object space 699392K, 1% used [0x00000006c0000000,0x00000006c0d9ba40,0x00000006eab00000)
 Metaspace       used 33809K, capacity 35398K, committed 35496K, reserved 1079296K
  class space    used 4477K, capacity 4797K, committed 4864K, reserved 1048576K
Event: 70.296 GC heap after
Heap after GC invocations=4 (full 2):
 PSYoungGen      total 305664K, used 0K [0x000000076ab00000, 0x0000000782880000, 0x00000007c0000000)
  eden space 262144K, 0% used [0x000000076ab00000,0x000000076ab00000,0x000000077ab00000)
  from space 43520K, 0% used [0x000000077d580000,0x000000077d580000,0x0000000780000000)
  to   space 43520K, 0% used [0x000000077ab00000,0x000000077ab00000,0x000000077d580000)
 ParOldGen       total 699392K, used 25000K [0x00000006c0000000, 0x00000006eab00000, 0x000000076ab00000)
  object space 699392K, 3% used [0x00000006c0000000,0x00000006c186a280,0x00000006eab00000)
 Metaspace       used 33809K, capacity 35398K, committed 35496K, reserved 1079296K
  class space    used 4477K, capacity 4797K, committed 4864K, reserved 1048576K
}
Event: 72.143 GC heap before
{Heap before GC invocations=5 (full 2):
 PSYoungGen      total 305664K, used 262144K [0x000000076ab00000, 0x0000000782880000, 0x00000007c0000000)
  eden space 262144K, 100% used [0x000000076ab00000,0x000000077ab00000,0x000000077ab00000)
  from space 43520K, 0% used [0x000000077d580000,0x000000077d580000,0x0000000780000000)
  to   space 43520K, 0% used [0x000000077ab00000,0x000000077ab00000,0x000000077d580000)
 ParOldGen       total 699392K, used 25000K [0x00000006c0000000, 0x00000006eab00000, 0x000000076ab00000)
  object space 699392K, 3% used [0x00000006c0000000,0x00000006c186a280,0x00000006eab00000)
 Metaspace       used 35472K, capacity 37128K, committed 37248K, reserved 1081344K
  class space    used 4638K, capacity 4964K, committed 4992K, reserved 1048576K
Event: 72.161 GC heap after
Heap after GC invocations=5 (full 2):
 PSYoungGen      total 305664K, used 29781K [0x000000076ab00000, 0x0000000786380000, 0x00000007c0000000)
  eden space 262144K, 0% used [0x000000076ab00000,0x000000076ab00000,0x000000077ab00000)
  from space 43520K, 68% used [0x000000077ab00000,0x000000077c8155d8,0x000000077d580000)
  to   space 43520K, 0% used [0x0000000783900000,0x0000000783900000,0x0000000786380000)
 ParOldGen       total 699392K, used 25008K [0x00000006c0000000, 0x00000006eab00000, 0x000000076ab00000)
  object space 699392K, 3% used [0x00000006c0000000,0x00000006c186c280,0x00000006eab00000)
 Metaspace       used 35472K, capacity 37128K, committed 37248K, reserved 1081344K
  class space    used 4638K, capacity 4964K, committed 4992K, reserved 1048576K
}

