# JRE version: Java(TM) SE Runtime Environment (8.0_211-b12) (build 1.8.0_211-b12)
# Java VM: Java HotSpot(TM) 64-Bit Server VM (25.211-b12 mixed mode windows-amd64 compressed oops)
Heap:
 PSYoungGen      total 273920K, used 155633K [0x0000000716c00000, 0x0000000729580000, 0x00000007c0000000)
  eden space 246784K, 63% used [0x0000000716c00000,0x00000007203fc5e8,0x0000000725d00000)
  from space 27136K, 0% used [0x0000000727680000,0x0000000727680000,0x0000000729100000)
  to   space 26112K, 0% used [0x0000000725d00000,0x0000000725d00000,0x0000000727680000)
 ParOldGen       total 514560K, used 24483K [0x00000005c4400000, 0x00000005e3a80000, 0x0000000716c00000)
  object space 514560K, 4% used [0x00000005c4400000,0x00000005c5be8c98,0x00000005e3a80000)
 Metaspace       used 68140K, capacity 71726K, committed 71896K, reserved 1112064K
  class space    used 9063K, capacity 9678K, committed 9688K, reserved 1048576K
GC Heap History (10 events):
Event: 4.089 GC heap before
{Heap before GC invocations=5 (full 1):
 PSYoungGen      total 151552K, used 123833K [0x0000000716c00000, 0x0000000724600000, 0x00000007c0000000)
  eden space 130048K, 85% used [0x0000000716c00000,0x000000071d8f0d18,0x000000071eb00000)
  from space 21504K, 57% used [0x000000071eb00000,0x000000071f6fd8d0,0x0000000720000000)
  to   space 21504K, 0% used [0x0000000723100000,0x0000000723100000,0x0000000724600000)
 ParOldGen       total 213504K, used 10596K [0x00000005c4400000, 0x00000005d1480000, 0x0000000716c00000)
  object space 213504K, 4% used [0x00000005c4400000,0x00000005c4e59008,0x00000005d1480000)
 Metaspace       used 33132K, capacity 35274K, committed 35416K, reserved 1079296K
  class space    used 4205K, capacity 4610K, committed 4696K, reserved 1048576K
Event: 4.096 GC heap after
Heap after GC invocations=5 (full 1):
 PSYoungGen      total 201728K, used 9687K [0x0000000716c00000, 0x0000000724780000, 0x00000007c0000000)
  eden space 180224K, 0% used [0x0000000716c00000,0x0000000716c00000,0x0000000721c00000)
  from space 21504K, 45% used [0x0000000723100000,0x0000000723a75f08,0x0000000724600000)
  to   space 21504K, 0% used [0x0000000721c00000,0x0000000721c00000,0x0000000723100000)
 ParOldGen       total 213504K, used 10604K [0x00000005c4400000, 0x00000005d1480000, 0x0000000716c00000)
  object space 213504K, 4% used [0x00000005c4400000,0x00000005c4e5b008,0x00000005d1480000)
 Metaspace       used 33132K, capacity 35274K, committed 35416K, reserved 1079296K
  class space    used 4205K, capacity 4610K, committed 4696K, reserved 1048576K
}
Event: 4.096 GC heap before
{Heap before GC invocations=6 (full 2):
 PSYoungGen      total 201728K, used 9687K [0x0000000716c00000, 0x0000000724780000, 0x00000007c0000000)
  eden space 180224K, 0% used [0x0000000716c00000,0x0000000716c00000,0x0000000721c00000)
  from space 21504K, 45% used [0x0000000723100000,0x0000000723a75f08,0x0000000724600000)
  to   space 21504K, 0% used [0x0000000721c00000,0x0000000721c00000,0x0000000723100000)
 ParOldGen       total 213504K, used 10604K [0x00000005c4400000, 0x00000005d1480000, 0x0000000716c00000)
  object space 213504K, 4% used [0x00000005c4400000,0x00000005c4e5b008,0x00000005d1480000)
 Metaspace       used 33132K, capacity 35274K, committed 35416K, reserved 1079296K
  class space    used 4205K, capacity 4610K, committed 4696K, reserved 1048576K
Event: 4.144 GC heap after
Heap after GC invocations=6 (full 2):
 PSYoungGen      total 201728K, used 0K [0x0000000716c00000, 0x0000000724780000, 0x00000007c0000000)
  eden space 180224K, 0% used [0x0000000716c00000,0x0000000716c00000,0x0000000721c00000)
  from space 21504K, 0% used [0x0000000723100000,0x0000000723100000,0x0000000724600000)
  to   space 21504K, 0% used [0x0000000721c00000,0x0000000721c00000,0x0000000723100000)
 ParOldGen       total 351232K, used 14432K [0x00000005c4400000, 0x00000005d9b00000, 0x0000000716c00000)
  object space 351232K, 4% used [0x00000005c4400000,0x00000005c5218238,0x00000005d9b00000)
 Metaspace       used 33132K, capacity 35274K, committed 35416K, reserved 1079296K
  class space    used 4205K, capacity 4610K, committed 4696K, reserved 1048576K
}
Event: 6.749 GC heap before
{Heap before GC invocations=7 (full 2):
 PSYoungGen      total 201728K, used 180224K [0x0000000716c00000, 0x0000000724780000, 0x00000007c0000000)
  eden space 180224K, 100% used [0x0000000716c00000,0x0000000721c00000,0x0000000721c00000)
  from space 21504K, 0% used [0x0000000723100000,0x0000000723100000,0x0000000724600000)
  to   space 21504K, 0% used [0x0000000721c00000,0x0000000721c00000,0x0000000723100000)
 ParOldGen       total 351232K, used 14432K [0x00000005c4400000, 0x00000005d9b00000, 0x0000000716c00000)
  object space 351232K, 4% used [0x00000005c4400000,0x00000005c5218238,0x00000005d9b00000)
 Metaspace       used 51279K, capacity 53788K, committed 54232K, reserved 1095680K
  class space    used 6672K, capacity 7107K, committed 7128K, reserved 1048576K
Event: 6.783 GC heap after
Heap after GC invocations=7 (full 2):
 PSYoungGen      total 201728K, used 21482K [0x0000000716c00000, 0x0000000729100000, 0x00000007c0000000)
  eden space 180224K, 0% used [0x0000000716c00000,0x0000000716c00000,0x0000000721c00000)
  from space 21504K, 99% used [0x0000000721c00000,0x00000007230fa908,0x0000000723100000)
  to   space 27136K, 0% used [0x0000000727680000,0x0000000727680000,0x0000000729100000)
 ParOldGen       total 351232K, used 25673K [0x00000005c4400000, 0x00000005d9b00000, 0x0000000716c00000)
  object space 351232K, 7% used [0x00000005c4400000,0x00000005c5d12618,0x00000005d9b00000)
 Metaspace       used 51279K, capacity 53788K, committed 54232K, reserved 1095680K
  class space    used 6672K, capacity 7107K, committed 7128K, reserved 1048576K
}
Event: 7.298 GC heap before
{Heap before GC invocations=8 (full 2):
 PSYoungGen      total 201728K, used 64660K [0x0000000716c00000, 0x0000000729100000, 0x00000007c0000000)
  eden space 180224K, 23% used [0x0000000716c00000,0x000000071962a8d8,0x0000000721c00000)
  from space 21504K, 99% used [0x0000000721c00000,0x00000007230fa908,0x0000000723100000)
  to   space 27136K, 0% used [0x0000000727680000,0x0000000727680000,0x0000000729100000)
 ParOldGen       total 351232K, used 25673K [0x00000005c4400000, 0x00000005d9b00000, 0x0000000716c00000)
  object space 351232K, 7% used [0x00000005c4400000,0x00000005c5d12618,0x00000005d9b00000)
 Metaspace       used 56187K, capacity 58686K, committed 59028K, reserved 1099776K
  class space    used 7395K, capacity 7856K, committed 7896K, reserved 1048576K
Event: 7.306 GC heap after
Heap after GC invocations=8 (full 2):
 PSYoungGen      total 273920K, used 13205K [0x0000000716c00000, 0x0000000729580000, 0x00000007c0000000)
  eden space 246784K, 0% used [0x0000000716c00000,0x0000000716c00000,0x0000000725d00000)
  from space 27136K, 48% used [0x0000000727680000,0x00000007283657a8,0x0000000729100000)
  to   space 26112K, 0% used [0x0000000725d00000,0x0000000725d00000,0x0000000727680000)
 ParOldGen       total 351232K, used 25681K [0x00000005c4400000, 0x00000005d9b00000, 0x0000000716c00000)
  object space 351232K, 7% used [0x00000005c4400000,0x00000005c5d14618,0x00000005d9b00000)
 Metaspace       used 56187K, capacity 58686K, committed 59028K, reserved 1099776K
  class space    used 7395K, capacity 7856K, committed 7896K, reserved 1048576K
}
Event: 7.306 GC heap before
{Heap before GC invocations=9 (full 3):
 PSYoungGen      total 273920K, used 13205K [0x0000000716c00000, 0x0000000729580000, 0x00000007c0000000)
  eden space 246784K, 0% used [0x0000000716c00000,0x0000000716c00000,0x0000000725d00000)
  from space 27136K, 48% used [0x0000000727680000,0x00000007283657a8,0x0000000729100000)
  to   space 26112K, 0% used [0x0000000725d00000,0x0000000725d00000,0x0000000727680000)
 ParOldGen       total 351232K, used 25681K [0x00000005c4400000, 0x00000005d9b00000, 0x0000000716c00000)
  object space 351232K, 7% used [0x00000005c4400000,0x00000005c5d14618,0x00000005d9b00000)
 Metaspace       used 56187K, capacity 58686K, committed 59028K, reserved 1099776K
  class space    used 7395K, capacity 7856K, committed 7896K, reserved 1048576K
Event: 7.486 GC heap after
Heap after GC invocations=9 (full 3):
 PSYoungGen      total 273920K, used 0K [0x0000000716c00000, 0x0000000729580000, 0x00000007c0000000)
  eden space 246784K, 0% used [0x0000000716c00000,0x0000000716c00000,0x0000000725d00000)
  from space 27136K, 0% used [0x0000000727680000,0x0000000727680000,0x0000000729100000)
  to   space 26112K, 0% used [0x0000000725d00000,0x0000000725d00000,0x0000000727680000)
 ParOldGen       total 514560K, used 24483K [0x00000005c4400000, 0x00000005e3a80000, 0x0000000716c00000)
  object space 514560K, 4% used [0x00000005c4400000,0x00000005c5be8c98,0x00000005e3a80000)
 Metaspace       used 56187K, capacity 58686K, committed 59028K, reserved 1099776K
  class space    used 7395K, capacity 7856K, committed 7896K, reserved 1048576K
}

