# JRE version: Java(TM) SE Runtime Environment (8.0_261-b12) (build 1.8.0_261-b12)
# Java VM: Java HotSpot(TM) 64-Bit Server VM (25.261-b12 mixed mode windows-amd64 compressed oops)
Heap:
 PSYoungGen      total 305664K, used 252829K [0x000000076ab00000, 0x0000000783700000, 0x00000007c0000000)
  eden space 262144K, 96% used [0x000000076ab00000,0x000000077a1e74a0,0x000000077ab00000)
  from space 43520K, 0% used [0x000000077d580000,0x000000077d580000,0x0000000780000000)
  to   space 43520K, 0% used [0x000000077ab00000,0x000000077ab00000,0x000000077d580000)
 ParOldGen       total 760832K, used 24950K [0x00000006c0000000, 0x00000006ee700000, 0x000000076ab00000)
  object space 760832K, 3% used [0x00000006c0000000,0x00000006c185d940,0x00000006ee700000)
 Metaspace       used 35537K, capacity 37186K, committed 37504K, reserved 1081344K
  class space    used 4641K, capacity 4963K, committed 4992K, reserved 1048576K
GC Heap History (8 events):
Event: 4.908 GC heap before
{Heap before GC invocations=1 (full 0):
 PSYoungGen      total 305664K, used 157352K [0x000000076ab00000, 0x0000000780000000, 0x00000007c0000000)
  eden space 262144K, 60% used [0x000000076ab00000,0x00000007744aa288,0x000000077ab00000)
  from space 43520K, 0% used [0x000000077d580000,0x000000077d580000,0x0000000780000000)
  to   space 43520K, 0% used [0x000000077ab00000,0x000000077ab00000,0x000000077d580000)
 ParOldGen       total 699392K, used 0K [0x00000006c0000000, 0x00000006eab00000, 0x000000076ab00000)
  object space 699392K, 0% used [0x00000006c0000000,0x00000006c0000000,0x00000006eab00000)
 Metaspace       used 20682K, capacity 21222K, committed 21296K, reserved 1067008K
  class space    used 2717K, capacity 2894K, committed 2944K, reserved 1048576K
Event: 4.942 GC heap after
Heap after GC invocations=1 (full 0):
 PSYoungGen      total 305664K, used 14399K [0x000000076ab00000, 0x0000000780000000, 0x00000007c0000000)
  eden space 262144K, 0% used [0x000000076ab00000,0x000000076ab00000,0x000000077ab00000)
  from space 43520K, 33% used [0x000000077ab00000,0x000000077b90ffd8,0x000000077d580000)
  to   space 43520K, 0% used [0x000000077d580000,0x000000077d580000,0x0000000780000000)
 ParOldGen       total 699392K, used 16K [0x00000006c0000000, 0x00000006eab00000, 0x000000076ab00000)
  object space 699392K, 0% used [0x00000006c0000000,0x00000006c0004000,0x00000006eab00000)
 Metaspace       used 20682K, capacity 21222K, committed 21296K, reserved 1067008K
  class space    used 2717K, capacity 2894K, committed 2944K, reserved 1048576K
}
Event: 4.942 GC heap before
{Heap before GC invocations=2 (full 1):
 PSYoungGen      total 305664K, used 14399K [0x000000076ab00000, 0x0000000780000000, 0x00000007c0000000)
  eden space 262144K, 0% used [0x000000076ab00000,0x000000076ab00000,0x000000077ab00000)
  from space 43520K, 33% used [0x000000077ab00000,0x000000077b90ffd8,0x000000077d580000)
  to   space 43520K, 0% used [0x000000077d580000,0x000000077d580000,0x0000000780000000)
 ParOldGen       total 699392K, used 16K [0x00000006c0000000, 0x00000006eab00000, 0x000000076ab00000)
  object space 699392K, 0% used [0x00000006c0000000,0x00000006c0004000,0x00000006eab00000)
 Metaspace       used 20682K, capacity 21222K, committed 21296K, reserved 1067008K
  class space    used 2717K, capacity 2894K, committed 2944K, reserved 1048576K
Event: 5.010 GC heap after
Heap after GC invocations=2 (full 1):
 PSYoungGen      total 305664K, used 0K [0x000000076ab00000, 0x0000000780000000, 0x00000007c0000000)
  eden space 262144K, 0% used [0x000000076ab00000,0x000000076ab00000,0x000000077ab00000)
  from space 43520K, 0% used [0x000000077ab00000,0x000000077ab00000,0x000000077d580000)
  to   space 43520K, 0% used [0x000000077d580000,0x000000077d580000,0x0000000780000000)
 ParOldGen       total 699392K, used 13818K [0x00000006c0000000, 0x00000006eab00000, 0x000000076ab00000)
  object space 699392K, 1% used [0x00000006c0000000,0x00000006c0d7e8a8,0x00000006eab00000)
 Metaspace       used 20680K, capacity 21216K, committed 21296K, reserved 1067008K
  class space    used 2716K, capacity 2893K, committed 2944K, reserved 1048576K
}
Event: 35.114 GC heap before
{Heap before GC invocations=3 (full 1):
 PSYoungGen      total 305664K, used 197675K [0x000000076ab00000, 0x0000000780000000, 0x00000007c0000000)
  eden space 262144K, 75% used [0x000000076ab00000,0x0000000776c0aeb0,0x000000077ab00000)
  from space 43520K, 0% used [0x000000077ab00000,0x000000077ab00000,0x000000077d580000)
  to   space 43520K, 0% used [0x000000077d580000,0x000000077d580000,0x0000000780000000)
 ParOldGen       total 699392K, used 13818K [0x00000006c0000000, 0x00000006eab00000, 0x000000076ab00000)
  object space 699392K, 1% used [0x00000006c0000000,0x00000006c0d7e8a8,0x00000006eab00000)
 Metaspace       used 33766K, capacity 35362K, committed 35496K, reserved 1079296K
  class space    used 4472K, capacity 4791K, committed 4864K, reserved 1048576K
Event: 35.134 GC heap after
Heap after GC invocations=3 (full 1):
 PSYoungGen      total 305664K, used 20590K [0x000000076ab00000, 0x0000000783700000, 0x00000007c0000000)
  eden space 262144K, 0% used [0x000000076ab00000,0x000000076ab00000,0x000000077ab00000)
  from space 43520K, 47% used [0x000000077d580000,0x000000077e99bbf8,0x0000000780000000)
  to   space 43520K, 0% used [0x000000077ab00000,0x000000077ab00000,0x000000077d580000)
 ParOldGen       total 699392K, used 13890K [0x00000006c0000000, 0x00000006eab00000, 0x000000076ab00000)
  object space 699392K, 1% used [0x00000006c0000000,0x00000006c0d908b8,0x00000006eab00000)
 Metaspace       used 33766K, capacity 35362K, committed 35496K, reserved 1079296K
  class space    used 4472K, capacity 4791K, committed 4864K, reserved 1048576K
}
Event: 35.134 GC heap before
{Heap before GC invocations=4 (full 2):
 PSYoungGen      total 305664K, used 20590K [0x000000076ab00000, 0x0000000783700000, 0x00000007c0000000)
  eden space 262144K, 0% used [0x000000076ab00000,0x000000076ab00000,0x000000077ab00000)
  from space 43520K, 47% used [0x000000077d580000,0x000000077e99bbf8,0x0000000780000000)
  to   space 43520K, 0% used [0x000000077ab00000,0x000000077ab00000,0x000000077d580000)
 ParOldGen       total 699392K, used 13890K [0x00000006c0000000, 0x00000006eab00000, 0x000000076ab00000)
  object space 699392K, 1% used [0x00000006c0000000,0x00000006c0d908b8,0x00000006eab00000)
 Metaspace       used 33766K, capacity 35362K, committed 35496K, reserved 1079296K
  class space    used 4472K, capacity 4791K, committed 4864K, reserved 1048576K
Event: 35.206 GC heap after
Heap after GC invocations=4 (full 2):
 PSYoungGen      total 305664K, used 0K [0x000000076ab00000, 0x0000000783700000, 0x00000007c0000000)
  eden space 262144K, 0% used [0x000000076ab00000,0x000000076ab00000,0x000000077ab00000)
  from space 43520K, 0% used [0x000000077d580000,0x000000077d580000,0x0000000780000000)
  to   space 43520K, 0% used [0x000000077ab00000,0x000000077ab00000,0x000000077d580000)
 ParOldGen       total 760832K, used 24950K [0x00000006c0000000, 0x00000006ee700000, 0x000000076ab00000)
  object space 760832K, 3% used [0x00000006c0000000,0x00000006c185d940,0x00000006ee700000)
 Metaspace       used 33766K, capacity 35362K, committed 35496K, reserved 1079296K
  class space    used 4472K, capacity 4791K, committed 4864K, reserved 1048576K
}

