# JRE version: Java(TM) SE Runtime Environment (8.0_261-b12) (build 1.8.0_261-b12)
# Java VM: Java HotSpot(TM) 64-Bit Server VM (25.261-b12 mixed mode windows-amd64 compressed oops)
Heap:
 PSYoungGen      total 305664K, used 181850K [0x000000076ab00000, 0x0000000785d80000, 0x00000007c0000000)
  eden space 262144K, 57% used [0x000000076ab00000,0x0000000773f43fc0,0x000000077ab00000)
  from space 43520K, 68% used [0x000000077ab00000,0x000000077c852b18,0x000000077d580000)
  to   space 43520K, 0% used [0x0000000783300000,0x0000000783300000,0x0000000785d80000)
 ParOldGen       total 699392K, used 24771K [0x00000006c0000000, 0x00000006eab00000, 0x000000076ab00000)
  object space 699392K, 3% used [0x00000006c0000000,0x00000006c1830ff8,0x00000006eab00000)
 Metaspace       used 35592K, capacity 37250K, committed 37504K, reserved 1081344K
  class space    used 4638K, capacity 4963K, committed 4992K, reserved 1048576K
GC Heap History (10 events):
Event: 6.150 GC heap before
{Heap before GC invocations=1 (full 0):
 PSYoungGen      total 305664K, used 157367K [0x000000076ab00000, 0x0000000780000000, 0x00000007c0000000)
  eden space 262144K, 60% used [0x000000076ab00000,0x00000007744add70,0x000000077ab00000)
  from space 43520K, 0% used [0x000000077d580000,0x000000077d580000,0x0000000780000000)
  to   space 43520K, 0% used [0x000000077ab00000,0x000000077ab00000,0x000000077d580000)
 ParOldGen       total 699392K, used 0K [0x00000006c0000000, 0x00000006eab00000, 0x000000076ab00000)
  object space 699392K, 0% used [0x00000006c0000000,0x00000006c0000000,0x00000006eab00000)
 Metaspace       used 20740K, capacity 21222K, committed 21296K, reserved 1067008K
  class space    used 2723K, capacity 2894K, committed 2944K, reserved 1048576K
Event: 6.171 GC heap after
Heap after GC invocations=1 (full 0):
 PSYoungGen      total 305664K, used 14335K [0x000000076ab00000, 0x0000000780000000, 0x00000007c0000000)
  eden space 262144K, 0% used [0x000000076ab00000,0x000000076ab00000,0x000000077ab00000)
  from space 43520K, 32% used [0x000000077ab00000,0x000000077b8ffd78,0x000000077d580000)
  to   space 43520K, 0% used [0x000000077d580000,0x000000077d580000,0x0000000780000000)
 ParOldGen       total 699392K, used 16K [0x00000006c0000000, 0x00000006eab00000, 0x000000076ab00000)
  object space 699392K, 0% used [0x00000006c0000000,0x00000006c0004000,0x00000006eab00000)
 Metaspace       used 20740K, capacity 21222K, committed 21296K, reserved 1067008K
  class space    used 2723K, capacity 2894K, committed 2944K, reserved 1048576K
}
Event: 6.171 GC heap before
{Heap before GC invocations=2 (full 1):
 PSYoungGen      total 305664K, used 14335K [0x000000076ab00000, 0x0000000780000000, 0x00000007c0000000)
  eden space 262144K, 0% used [0x000000076ab00000,0x000000076ab00000,0x000000077ab00000)
  from space 43520K, 32% used [0x000000077ab00000,0x000000077b8ffd78,0x000000077d580000)
  to   space 43520K, 0% used [0x000000077d580000,0x000000077d580000,0x0000000780000000)
 ParOldGen       total 699392K, used 16K [0x00000006c0000000, 0x00000006eab00000, 0x000000076ab00000)
  object space 699392K, 0% used [0x00000006c0000000,0x00000006c0004000,0x00000006eab00000)
 Metaspace       used 20740K, capacity 21222K, committed 21296K, reserved 1067008K
  class space    used 2723K, capacity 2894K, committed 2944K, reserved 1048576K
Event: 6.240 GC heap after
Heap after GC invocations=2 (full 1):
 PSYoungGen      total 305664K, used 0K [0x000000076ab00000, 0x0000000780000000, 0x00000007c0000000)
  eden space 262144K, 0% used [0x000000076ab00000,0x000000076ab00000,0x000000077ab00000)
  from space 43520K, 0% used [0x000000077ab00000,0x000000077ab00000,0x000000077d580000)
  to   space 43520K, 0% used [0x000000077d580000,0x000000077d580000,0x0000000780000000)
 ParOldGen       total 699392K, used 13794K [0x00000006c0000000, 0x00000006eab00000, 0x000000076ab00000)
  object space 699392K, 1% used [0x00000006c0000000,0x00000006c0d78bd8,0x00000006eab00000)
 Metaspace       used 20738K, capacity 21216K, committed 21296K, reserved 1067008K
  class space    used 2723K, capacity 2893K, committed 2944K, reserved 1048576K
}
Event: 47.930 GC heap before
{Heap before GC invocations=3 (full 1):
 PSYoungGen      total 305664K, used 197280K [0x000000076ab00000, 0x0000000780000000, 0x00000007c0000000)
  eden space 262144K, 75% used [0x000000076ab00000,0x0000000776ba82d0,0x000000077ab00000)
  from space 43520K, 0% used [0x000000077ab00000,0x000000077ab00000,0x000000077d580000)
  to   space 43520K, 0% used [0x000000077d580000,0x000000077d580000,0x0000000780000000)
 ParOldGen       total 699392K, used 13794K [0x00000006c0000000, 0x00000006eab00000, 0x000000076ab00000)
  object space 699392K, 1% used [0x00000006c0000000,0x00000006c0d78bd8,0x00000006eab00000)
 Metaspace       used 33781K, capacity 35390K, committed 35496K, reserved 1079296K
  class space    used 4468K, capacity 4759K, committed 4864K, reserved 1048576K
Event: 47.973 GC heap after
Heap after GC invocations=3 (full 1):
 PSYoungGen      total 305664K, used 20503K [0x000000076ab00000, 0x0000000782a80000, 0x00000007c0000000)
  eden space 262144K, 0% used [0x000000076ab00000,0x000000076ab00000,0x000000077ab00000)
  from space 43520K, 47% used [0x000000077d580000,0x000000077e985d00,0x0000000780000000)
  to   space 43520K, 0% used [0x000000077ab00000,0x000000077ab00000,0x000000077d580000)
 ParOldGen       total 699392K, used 13866K [0x00000006c0000000, 0x00000006eab00000, 0x000000076ab00000)
  object space 699392K, 1% used [0x00000006c0000000,0x00000006c0d8abe8,0x00000006eab00000)
 Metaspace       used 33781K, capacity 35390K, committed 35496K, reserved 1079296K
  class space    used 4468K, capacity 4759K, committed 4864K, reserved 1048576K
}
Event: 47.973 GC heap before
{Heap before GC invocations=4 (full 2):
 PSYoungGen      total 305664K, used 20503K [0x000000076ab00000, 0x0000000782a80000, 0x00000007c0000000)
  eden space 262144K, 0% used [0x000000076ab00000,0x000000076ab00000,0x000000077ab00000)
  from space 43520K, 47% used [0x000000077d580000,0x000000077e985d00,0x0000000780000000)
  to   space 43520K, 0% used [0x000000077ab00000,0x000000077ab00000,0x000000077d580000)
 ParOldGen       total 699392K, used 13866K [0x00000006c0000000, 0x00000006eab00000, 0x000000076ab00000)
  object space 699392K, 1% used [0x00000006c0000000,0x00000006c0d8abe8,0x00000006eab00000)
 Metaspace       used 33781K, capacity 35390K, committed 35496K, reserved 1079296K
  class space    used 4468K, capacity 4759K, committed 4864K, reserved 1048576K
Event: 48.077 GC heap after
Heap after GC invocations=4 (full 2):
 PSYoungGen      total 305664K, used 0K [0x000000076ab00000, 0x0000000782a80000, 0x00000007c0000000)
  eden space 262144K, 0% used [0x000000076ab00000,0x000000076ab00000,0x000000077ab00000)
  from space 43520K, 0% used [0x000000077d580000,0x000000077d580000,0x0000000780000000)
  to   space 43520K, 0% used [0x000000077ab00000,0x000000077ab00000,0x000000077d580000)
 ParOldGen       total 699392K, used 24763K [0x00000006c0000000, 0x00000006eab00000, 0x000000076ab00000)
  object space 699392K, 3% used [0x00000006c0000000,0x00000006c182eff8,0x00000006eab00000)
 Metaspace       used 33781K, capacity 35390K, committed 35496K, reserved 1079296K
  class space    used 4468K, capacity 4759K, committed 4864K, reserved 1048576K
}
Event: 49.981 GC heap before
{Heap before GC invocations=5 (full 2):
 PSYoungGen      total 305664K, used 262144K [0x000000076ab00000, 0x0000000782a80000, 0x00000007c0000000)
  eden space 262144K, 100% used [0x000000076ab00000,0x000000077ab00000,0x000000077ab00000)
  from space 43520K, 0% used [0x000000077d580000,0x000000077d580000,0x0000000780000000)
  to   space 43520K, 0% used [0x000000077ab00000,0x000000077ab00000,0x000000077d580000)
 ParOldGen       total 699392K, used 24763K [0x00000006c0000000, 0x00000006eab00000, 0x000000076ab00000)
  object space 699392K, 3% used [0x00000006c0000000,0x00000006c182eff8,0x00000006eab00000)
 Metaspace       used 35548K, capacity 37250K, committed 37504K, reserved 1081344K
  class space    used 4638K, capacity 4963K, committed 4992K, reserved 1048576K
Event: 49.997 GC heap after
Heap after GC invocations=5 (full 2):
 PSYoungGen      total 305664K, used 30026K [0x000000076ab00000, 0x0000000785d80000, 0x00000007c0000000)
  eden space 262144K, 0% used [0x000000076ab00000,0x000000076ab00000,0x000000077ab00000)
  from space 43520K, 68% used [0x000000077ab00000,0x000000077c852b18,0x000000077d580000)
  to   space 43520K, 0% used [0x0000000783300000,0x0000000783300000,0x0000000785d80000)
 ParOldGen       total 699392K, used 24771K [0x00000006c0000000, 0x00000006eab00000, 0x000000076ab00000)
  object space 699392K, 3% used [0x00000006c0000000,0x00000006c1830ff8,0x00000006eab00000)
 Metaspace       used 35548K, capacity 37250K, committed 37504K, reserved 1081344K
  class space    used 4638K, capacity 4963K, committed 4992K, reserved 1048576K
}

