# JRE version: Java(TM) SE Runtime Environment (8.0_261-b12) (build 1.8.0_261-b12)
# Java VM: Java HotSpot(TM) 64-Bit Server VM (25.261-b12 mixed mode windows-amd64 compressed oops)
Heap:
 PSYoungGen      total 432128K, used 272091K [0x000000076ab00000, 0x0000000788b00000, 0x00000007c0000000)
  eden space 388608K, 58% used [0x000000076ab00000,0x0000000778a38cf0,0x0000000782680000)
  from space 43520K, 99% used [0x0000000786080000,0x0000000788afe1e8,0x0000000788b00000)
  to   space 43520K, 0% used [0x0000000783600000,0x0000000783600000,0x0000000786080000)
 ParOldGen       total 813568K, used 37076K [0x00000006c0000000, 0x00000006f1a80000, 0x000000076ab00000)
  object space 813568K, 4% used [0x00000006c0000000,0x00000006c24353b8,0x00000006f1a80000)
 Metaspace       used 35553K, capacity 37254K, committed 37504K, reserved 1081344K
  class space    used 4638K, capacity 4963K, committed 4992K, reserved 1048576K
GC Heap History (10 events):
Event: 5.338 GC heap before
{Heap before GC invocations=2 (full 1):
 PSYoungGen      total 305664K, used 14264K [0x000000076ab00000, 0x0000000780000000, 0x00000007c0000000)
  eden space 262144K, 0% used [0x000000076ab00000,0x000000076ab00000,0x000000077ab00000)
  from space 43520K, 32% used [0x000000077ab00000,0x000000077b8ee3d8,0x000000077d580000)
  to   space 43520K, 0% used [0x000000077d580000,0x000000077d580000,0x0000000780000000)
 ParOldGen       total 699392K, used 16K [0x00000006c0000000, 0x00000006eab00000, 0x000000076ab00000)
  object space 699392K, 0% used [0x00000006c0000000,0x00000006c0004000,0x00000006eab00000)
 Metaspace       used 20684K, capacity 21222K, committed 21296K, reserved 1067008K
  class space    used 2725K, capacity 2894K, committed 2944K, reserved 1048576K
Event: 5.395 GC heap after
Heap after GC invocations=2 (full 1):
 PSYoungGen      total 305664K, used 0K [0x000000076ab00000, 0x0000000780000000, 0x00000007c0000000)
  eden space 262144K, 0% used [0x000000076ab00000,0x000000076ab00000,0x000000077ab00000)
  from space 43520K, 0% used [0x000000077ab00000,0x000000077ab00000,0x000000077d580000)
  to   space 43520K, 0% used [0x000000077d580000,0x000000077d580000,0x0000000780000000)
 ParOldGen       total 699392K, used 13578K [0x00000006c0000000, 0x00000006eab00000, 0x000000076ab00000)
  object space 699392K, 1% used [0x00000006c0000000,0x00000006c0d42b60,0x00000006eab00000)
 Metaspace       used 20682K, capacity 21216K, committed 21296K, reserved 1067008K
  class space    used 2724K, capacity 2893K, committed 2944K, reserved 1048576K
}
Event: 24.818 GC heap before
{Heap before GC invocations=3 (full 1):
 PSYoungGen      total 305664K, used 200348K [0x000000076ab00000, 0x0000000780000000, 0x00000007c0000000)
  eden space 262144K, 76% used [0x000000076ab00000,0x0000000776ea73f0,0x000000077ab00000)
  from space 43520K, 0% used [0x000000077ab00000,0x000000077ab00000,0x000000077d580000)
  to   space 43520K, 0% used [0x000000077d580000,0x000000077d580000,0x0000000780000000)
 ParOldGen       total 699392K, used 13578K [0x00000006c0000000, 0x00000006eab00000, 0x000000076ab00000)
  object space 699392K, 1% used [0x00000006c0000000,0x00000006c0d42b60,0x00000006eab00000)
 Metaspace       used 33724K, capacity 35328K, committed 35496K, reserved 1079296K
  class space    used 4460K, capacity 4758K, committed 4864K, reserved 1048576K
Event: 24.843 GC heap after
Heap after GC invocations=3 (full 1):
 PSYoungGen      total 305664K, used 20637K [0x000000076ab00000, 0x0000000783280000, 0x00000007c0000000)
  eden space 262144K, 0% used [0x000000076ab00000,0x000000076ab00000,0x000000077ab00000)
  from space 43520K, 47% used [0x000000077d580000,0x000000077e9a7618,0x0000000780000000)
  to   space 43520K, 0% used [0x000000077ab00000,0x000000077ab00000,0x000000077d580000)
 ParOldGen       total 699392K, used 13650K [0x00000006c0000000, 0x00000006eab00000, 0x000000076ab00000)
  object space 699392K, 1% used [0x00000006c0000000,0x00000006c0d54b70,0x00000006eab00000)
 Metaspace       used 33724K, capacity 35328K, committed 35496K, reserved 1079296K
  class space    used 4460K, capacity 4758K, committed 4864K, reserved 1048576K
}
Event: 24.843 GC heap before
{Heap before GC invocations=4 (full 2):
 PSYoungGen      total 305664K, used 20637K [0x000000076ab00000, 0x0000000783280000, 0x00000007c0000000)
  eden space 262144K, 0% used [0x000000076ab00000,0x000000076ab00000,0x000000077ab00000)
  from space 43520K, 47% used [0x000000077d580000,0x000000077e9a7618,0x0000000780000000)
  to   space 43520K, 0% used [0x000000077ab00000,0x000000077ab00000,0x000000077d580000)
 ParOldGen       total 699392K, used 13650K [0x00000006c0000000, 0x00000006eab00000, 0x000000076ab00000)
  object space 699392K, 1% used [0x00000006c0000000,0x00000006c0d54b70,0x00000006eab00000)
 Metaspace       used 33724K, capacity 35328K, committed 35496K, reserved 1079296K
  class space    used 4460K, capacity 4758K, committed 4864K, reserved 1048576K
Event: 24.925 GC heap after
Heap after GC invocations=4 (full 2):
 PSYoungGen      total 305664K, used 0K [0x000000076ab00000, 0x0000000783280000, 0x00000007c0000000)
  eden space 262144K, 0% used [0x000000076ab00000,0x000000076ab00000,0x000000077ab00000)
  from space 43520K, 0% used [0x000000077d580000,0x000000077d580000,0x0000000780000000)
  to   space 43520K, 0% used [0x000000077ab00000,0x000000077ab00000,0x000000077d580000)
 ParOldGen       total 813568K, used 24776K [0x00000006c0000000, 0x00000006f1a80000, 0x000000076ab00000)
  object space 813568K, 3% used [0x00000006c0000000,0x00000006c18323d0,0x00000006f1a80000)
 Metaspace       used 33724K, capacity 35328K, committed 35496K, reserved 1079296K
  class space    used 4460K, capacity 4758K, committed 4864K, reserved 1048576K
}
Event: 26.332 GC heap before
{Heap before GC invocations=5 (full 2):
 PSYoungGen      total 305664K, used 262144K [0x000000076ab00000, 0x0000000783280000, 0x00000007c0000000)
  eden space 262144K, 100% used [0x000000076ab00000,0x000000077ab00000,0x000000077ab00000)
  from space 43520K, 0% used [0x000000077d580000,0x000000077d580000,0x0000000780000000)
  to   space 43520K, 0% used [0x000000077ab00000,0x000000077ab00000,0x000000077d580000)
 ParOldGen       total 813568K, used 24776K [0x00000006c0000000, 0x00000006f1a80000, 0x000000076ab00000)
  object space 813568K, 3% used [0x00000006c0000000,0x00000006c18323d0,0x00000006f1a80000)
 Metaspace       used 35501K, capacity 37182K, committed 37504K, reserved 1081344K
  class space    used 4633K, capacity 4961K, committed 4992K, reserved 1048576K
Event: 26.365 GC heap after
Heap after GC invocations=5 (full 2):
 PSYoungGen      total 305664K, used 43500K [0x000000076ab00000, 0x0000000788b00000, 0x00000007c0000000)
  eden space 262144K, 0% used [0x000000076ab00000,0x000000076ab00000,0x000000077ab00000)
  from space 43520K, 99% used [0x000000077ab00000,0x000000077d57b340,0x000000077d580000)
  to   space 43520K, 0% used [0x0000000786080000,0x0000000786080000,0x0000000788b00000)
 ParOldGen       total 813568K, used 33516K [0x00000006c0000000, 0x00000006f1a80000, 0x000000076ab00000)
  object space 813568K, 4% used [0x00000006c0000000,0x00000006c20bb3b8,0x00000006f1a80000)
 Metaspace       used 35501K, capacity 37182K, committed 37504K, reserved 1081344K
  class space    used 4633K, capacity 4961K, committed 4992K, reserved 1048576K
}
Event: 54.972 GC heap before
{Heap before GC invocations=6 (full 2):
 PSYoungGen      total 305664K, used 305644K [0x000000076ab00000, 0x0000000788b00000, 0x00000007c0000000)
  eden space 262144K, 100% used [0x000000076ab00000,0x000000077ab00000,0x000000077ab00000)
  from space 43520K, 99% used [0x000000077ab00000,0x000000077d57b340,0x000000077d580000)
  to   space 43520K, 0% used [0x0000000786080000,0x0000000786080000,0x0000000788b00000)
 ParOldGen       total 813568K, used 33516K [0x00000006c0000000, 0x00000006f1a80000, 0x000000076ab00000)
  object space 813568K, 4% used [0x00000006c0000000,0x00000006c20bb3b8,0x00000006f1a80000)
 Metaspace       used 35546K, capacity 37254K, committed 37504K, reserved 1081344K
  class space    used 4637K, capacity 4963K, committed 4992K, reserved 1048576K
Event: 55.005 GC heap after
Heap after GC invocations=6 (full 2):
 PSYoungGen      total 432128K, used 43512K [0x000000076ab00000, 0x0000000788b00000, 0x00000007c0000000)
  eden space 388608K, 0% used [0x000000076ab00000,0x000000076ab00000,0x0000000782680000)
  from space 43520K, 99% used [0x0000000786080000,0x0000000788afe1e8,0x0000000788b00000)
  to   space 43520K, 0% used [0x0000000783600000,0x0000000783600000,0x0000000786080000)
 ParOldGen       total 813568K, used 37076K [0x00000006c0000000, 0x00000006f1a80000, 0x000000076ab00000)
  object space 813568K, 4% used [0x00000006c0000000,0x00000006c24353b8,0x00000006f1a80000)
 Metaspace       used 35546K, capacity 37254K, committed 37504K, reserved 1081344K
  class space    used 4637K, capacity 4963K, committed 4992K, reserved 1048576K
}

