# JRE version: Java(TM) SE Runtime Environment (8.0_181-b13) (build 1.8.0_181-b13)
# Java VM: Java HotSpot(TM) 64-Bit Server VM (25.181-b13 mixed mode windows-amd64 compressed oops)
Heap:
 PSYoungGen      total 107008K, used 25601K [0x000000076b500000, 0x0000000772800000, 0x00000007c0000000)
  eden space 96256K, 26% used [0x000000076b500000,0x000000076ce00640,0x0000000771300000)
  from space 10752K, 0% used [0x0000000771d80000,0x0000000771d80000,0x0000000772800000)
  to   space 10752K, 0% used [0x0000000771300000,0x0000000771300000,0x0000000771d80000)
 ParOldGen       total 176128K, used 17747K [0x00000006c1e00000, 0x00000006cca00000, 0x000000076b500000)
  object space 176128K, 10% used [0x00000006c1e00000,0x00000006c2f54d38,0x00000006cca00000)
 Metaspace       used 38846K, capacity 40512K, committed 40624K, reserved 1085440K
  class space    used 4896K, capacity 5211K, committed 5296K, reserved 1048576K
GC Heap History (10 events):
Event: 2.728 GC heap before
{Heap before GC invocations=2 (full 0):
 PSYoungGen      total 76288K, used 47401K [0x000000076b500000, 0x0000000770a00000, 0x00000007c0000000)
  eden space 65536K, 58% used [0x000000076b500000,0x000000076da3d050,0x000000076f500000)
  from space 10752K, 86% used [0x000000076f500000,0x000000076fe0d4f0,0x000000076ff80000)
  to   space 10752K, 0% used [0x000000076ff80000,0x000000076ff80000,0x0000000770a00000)
 ParOldGen       total 175104K, used 8K [0x00000006c1e00000, 0x00000006cc900000, 0x000000076b500000)
  object space 175104K, 0% used [0x00000006c1e00000,0x00000006c1e02000,0x00000006cc900000)
 Metaspace       used 20673K, capacity 21224K, committed 21296K, reserved 1067008K
  class space    used 2644K, capacity 2825K, committed 2864K, reserved 1048576K
Event: 2.739 GC heap after
Heap after GC invocations=2 (full 0):
 PSYoungGen      total 76288K, used 9757K [0x000000076b500000, 0x0000000774a00000, 0x00000007c0000000)
  eden space 65536K, 0% used [0x000000076b500000,0x000000076b500000,0x000000076f500000)
  from space 10752K, 90% used [0x000000076ff80000,0x0000000770907648,0x0000000770a00000)
  to   space 10752K, 0% used [0x000000076f500000,0x000000076f500000,0x000000076ff80000)
 ParOldGen       total 175104K, used 16K [0x00000006c1e00000, 0x00000006cc900000, 0x000000076b500000)
  object space 175104K, 0% used [0x00000006c1e00000,0x00000006c1e04000,0x00000006cc900000)
 Metaspace       used 20673K, capacity 21224K, committed 21296K, reserved 1067008K
  class space    used 2644K, capacity 2825K, committed 2864K, reserved 1048576K
}
Event: 2.739 GC heap before
{Heap before GC invocations=3 (full 1):
 PSYoungGen      total 76288K, used 9757K [0x000000076b500000, 0x0000000774a00000, 0x00000007c0000000)
  eden space 65536K, 0% used [0x000000076b500000,0x000000076b500000,0x000000076f500000)
  from space 10752K, 90% used [0x000000076ff80000,0x0000000770907648,0x0000000770a00000)
  to   space 10752K, 0% used [0x000000076f500000,0x000000076f500000,0x000000076ff80000)
 ParOldGen       total 175104K, used 16K [0x00000006c1e00000, 0x00000006cc900000, 0x000000076b500000)
  object space 175104K, 0% used [0x00000006c1e00000,0x00000006c1e04000,0x00000006cc900000)
 Metaspace       used 20673K, capacity 21224K, committed 21296K, reserved 1067008K
  class space    used 2644K, capacity 2825K, committed 2864K, reserved 1048576K
Event: 2.778 GC heap after
Heap after GC invocations=3 (full 1):
 PSYoungGen      total 76288K, used 0K [0x000000076b500000, 0x0000000774a00000, 0x00000007c0000000)
  eden space 65536K, 0% used [0x000000076b500000,0x000000076b500000,0x000000076f500000)
  from space 10752K, 0% used [0x000000076ff80000,0x000000076ff80000,0x0000000770a00000)
  to   space 10752K, 0% used [0x000000076f500000,0x000000076f500000,0x000000076ff80000)
 ParOldGen       total 105984K, used 9323K [0x00000006c1e00000, 0x00000006c8580000, 0x000000076b500000)
  object space 105984K, 8% used [0x00000006c1e00000,0x00000006c271afc0,0x00000006c8580000)
 Metaspace       used 20671K, capacity 21218K, committed 21296K, reserved 1067008K
  class space    used 2643K, capacity 2824K, committed 2864K, reserved 1048576K
}
Event: 5.262 GC heap before
{Heap before GC invocations=4 (full 1):
 PSYoungGen      total 76288K, used 65536K [0x000000076b500000, 0x0000000774a00000, 0x00000007c0000000)
  eden space 65536K, 100% used [0x000000076b500000,0x000000076f500000,0x000000076f500000)
  from space 10752K, 0% used [0x000000076ff80000,0x000000076ff80000,0x0000000770a00000)
  to   space 10752K, 0% used [0x000000076f500000,0x000000076f500000,0x000000076ff80000)
 ParOldGen       total 105984K, used 9323K [0x00000006c1e00000, 0x00000006c8580000, 0x000000076b500000)
  object space 105984K, 8% used [0x00000006c1e00000,0x00000006c271afc0,0x00000006c8580000)
 Metaspace       used 28704K, capacity 29918K, committed 30128K, reserved 1075200K
  class space    used 3662K, capacity 3916K, committed 4016K, reserved 1048576K
Event: 5.273 GC heap after
Heap after GC invocations=4 (full 1):
 PSYoungGen      total 76288K, used 9802K [0x000000076b500000, 0x0000000772800000, 0x00000007c0000000)
  eden space 65536K, 0% used [0x000000076b500000,0x000000076b500000,0x000000076f500000)
  from space 10752K, 91% used [0x000000076f500000,0x000000076fe92938,0x000000076ff80000)
  to   space 10752K, 0% used [0x0000000771d80000,0x0000000771d80000,0x0000000772800000)
 ParOldGen       total 105984K, used 9395K [0x00000006c1e00000, 0x00000006c8580000, 0x000000076b500000)
  object space 105984K, 8% used [0x00000006c1e00000,0x00000006c272cfd0,0x00000006c8580000)
 Metaspace       used 28704K, capacity 29918K, committed 30128K, reserved 1075200K
  class space    used 3662K, capacity 3916K, committed 4016K, reserved 1048576K
}
Event: 6.606 GC heap before
{Heap before GC invocations=5 (full 1):
 PSYoungGen      total 76288K, used 64647K [0x000000076b500000, 0x0000000772800000, 0x00000007c0000000)
  eden space 65536K, 83% used [0x000000076b500000,0x000000076ea8f5b0,0x000000076f500000)
  from space 10752K, 91% used [0x000000076f500000,0x000000076fe92938,0x000000076ff80000)
  to   space 10752K, 0% used [0x0000000771d80000,0x0000000771d80000,0x0000000772800000)
 ParOldGen       total 105984K, used 9395K [0x00000006c1e00000, 0x00000006c8580000, 0x000000076b500000)
  object space 105984K, 8% used [0x00000006c1e00000,0x00000006c272cfd0,0x00000006c8580000)
 Metaspace       used 33851K, capacity 35340K, committed 35496K, reserved 1081344K
  class space    used 4310K, capacity 4579K, committed 4656K, reserved 1048576K
Event: 6.623 GC heap after
Heap after GC invocations=5 (full 1):
 PSYoungGen      total 107008K, used 10751K [0x000000076b500000, 0x0000000772800000, 0x00000007c0000000)
  eden space 96256K, 0% used [0x000000076b500000,0x000000076b500000,0x0000000771300000)
  from space 10752K, 99% used [0x0000000771d80000,0x00000007727ffde0,0x0000000772800000)
  to   space 10752K, 0% used [0x0000000771300000,0x0000000771300000,0x0000000771d80000)
 ParOldGen       total 105984K, used 12905K [0x00000006c1e00000, 0x00000006c8580000, 0x000000076b500000)
  object space 105984K, 12% used [0x00000006c1e00000,0x00000006c2a9a500,0x00000006c8580000)
 Metaspace       used 33851K, capacity 35340K, committed 35496K, reserved 1081344K
  class space    used 4310K, capacity 4579K, committed 4656K, reserved 1048576K
}
Event: 6.623 GC heap before
{Heap before GC invocations=6 (full 2):
 PSYoungGen      total 107008K, used 10751K [0x000000076b500000, 0x0000000772800000, 0x00000007c0000000)
  eden space 96256K, 0% used [0x000000076b500000,0x000000076b500000,0x0000000771300000)
  from space 10752K, 99% used [0x0000000771d80000,0x00000007727ffde0,0x0000000772800000)
  to   space 10752K, 0% used [0x0000000771300000,0x0000000771300000,0x0000000771d80000)
 ParOldGen       total 105984K, used 12905K [0x00000006c1e00000, 0x00000006c8580000, 0x000000076b500000)
  object space 105984K, 12% used [0x00000006c1e00000,0x00000006c2a9a500,0x00000006c8580000)
 Metaspace       used 33851K, capacity 35340K, committed 35496K, reserved 1081344K
  class space    used 4310K, capacity 4579K, committed 4656K, reserved 1048576K
Event: 6.718 GC heap after
Heap after GC invocations=6 (full 2):
 PSYoungGen      total 107008K, used 0K [0x000000076b500000, 0x0000000772800000, 0x00000007c0000000)
  eden space 96256K, 0% used [0x000000076b500000,0x000000076b500000,0x0000000771300000)
  from space 10752K, 0% used [0x0000000771d80000,0x0000000771d80000,0x0000000772800000)
  to   space 10752K, 0% used [0x0000000771300000,0x0000000771300000,0x0000000771d80000)
 ParOldGen       total 176128K, used 17747K [0x00000006c1e00000, 0x00000006cca00000, 0x000000076b500000)
  object space 176128K, 10% used [0x00000006c1e00000,0x00000006c2f54d38,0x00000006cca00000)
 Metaspace       used 33851K, capacity 35340K, committed 35496K, reserved 1081344K
  class space    used 4310K, capacity 4579K, committed 4656K, reserved 1048576K
}

