# JRE version: Java(TM) SE Runtime Environment (8.0_181-b13) (build 1.8.0_181-b13)
# Java VM: Java HotSpot(TM) 64-Bit Server VM (25.181-b13 mixed mode windows-amd64 compressed oops)
Heap:
 PSYoungGen      total 141824K, used 19203K [0x000000076b500000, 0x0000000777680000, 0x00000007c0000000)
  eden space 131072K, 14% used [0x000000076b500000,0x000000076c7c0d08,0x0000000773500000)
  from space 10752K, 0% used [0x0000000773500000,0x0000000773500000,0x0000000773f80000)
  to   space 10752K, 0% used [0x0000000776c00000,0x0000000776c00000,0x0000000777680000)
 ParOldGen       total 185344K, used 21274K [0x00000006c1e00000, 0x00000006cd300000, 0x000000076b500000)
  object space 185344K, 11% used [0x00000006c1e00000,0x00000006c32c6830,0x00000006cd300000)
 Metaspace       used 38284K, capacity 39910K, committed 40104K, reserved 1083392K
  class space    used 4875K, capacity 5174K, committed 5288K, reserved 1048576K
GC Heap History (10 events):
Event: 1.045 GC heap before
{Heap before GC invocations=1 (full 0):
 PSYoungGen      total 76288K, used 65536K [0x000000076b500000, 0x0000000770a00000, 0x00000007c0000000)
  eden space 65536K, 100% used [0x000000076b500000,0x000000076f500000,0x000000076f500000)
  from space 10752K, 0% used [0x000000076ff80000,0x000000076ff80000,0x0000000770a00000)
  to   space 10752K, 0% used [0x000000076f500000,0x000000076f500000,0x000000076ff80000)
 ParOldGen       total 175104K, used 0K [0x00000006c1e00000, 0x00000006cc900000, 0x000000076b500000)
  object space 175104K, 0% used [0x00000006c1e00000,0x00000006c1e00000,0x00000006cc900000)
 Metaspace       used 14538K, capacity 14936K, committed 15104K, reserved 1062912K
  class space    used 1924K, capacity 2035K, committed 2048K, reserved 1048576K
Event: 1.065 GC heap after
Heap after GC invocations=1 (full 0):
 PSYoungGen      total 76288K, used 9403K [0x000000076b500000, 0x0000000774a00000, 0x00000007c0000000)
  eden space 65536K, 0% used [0x000000076b500000,0x000000076b500000,0x000000076f500000)
  from space 10752K, 87% used [0x000000076f500000,0x000000076fe2ed20,0x000000076ff80000)
  to   space 10752K, 0% used [0x0000000773f80000,0x0000000773f80000,0x0000000774a00000)
 ParOldGen       total 175104K, used 8K [0x00000006c1e00000, 0x00000006cc900000, 0x000000076b500000)
  object space 175104K, 0% used [0x00000006c1e00000,0x00000006c1e02000,0x00000006cc900000)
 Metaspace       used 14538K, capacity 14936K, committed 15104K, reserved 1062912K
  class space    used 1924K, capacity 2035K, committed 2048K, reserved 1048576K
}
Event: 1.481 GC heap before
{Heap before GC invocations=2 (full 0):
 PSYoungGen      total 76288K, used 51102K [0x000000076b500000, 0x0000000774a00000, 0x00000007c0000000)
  eden space 65536K, 63% used [0x000000076b500000,0x000000076ddb8b70,0x000000076f500000)
  from space 10752K, 87% used [0x000000076f500000,0x000000076fe2ed20,0x000000076ff80000)
  to   space 10752K, 0% used [0x0000000773f80000,0x0000000773f80000,0x0000000774a00000)
 ParOldGen       total 175104K, used 8K [0x00000006c1e00000, 0x00000006cc900000, 0x000000076b500000)
  object space 175104K, 0% used [0x00000006c1e00000,0x00000006c1e02000,0x00000006cc900000)
 Metaspace       used 20703K, capacity 21264K, committed 21296K, reserved 1067008K
  class space    used 2675K, capacity 2859K, committed 2864K, reserved 1048576K
Event: 1.493 GC heap after
Heap after GC invocations=2 (full 0):
 PSYoungGen      total 141824K, used 10329K [0x000000076b500000, 0x0000000774a00000, 0x00000007c0000000)
  eden space 131072K, 0% used [0x000000076b500000,0x000000076b500000,0x0000000773500000)
  from space 10752K, 96% used [0x0000000773f80000,0x0000000774996788,0x0000000774a00000)
  to   space 10752K, 0% used [0x0000000773500000,0x0000000773500000,0x0000000773f80000)
 ParOldGen       total 175104K, used 16K [0x00000006c1e00000, 0x00000006cc900000, 0x000000076b500000)
  object space 175104K, 0% used [0x00000006c1e00000,0x00000006c1e04000,0x00000006cc900000)
 Metaspace       used 20703K, capacity 21264K, committed 21296K, reserved 1067008K
  class space    used 2675K, capacity 2859K, committed 2864K, reserved 1048576K
}
Event: 1.493 GC heap before
{Heap before GC invocations=3 (full 1):
 PSYoungGen      total 141824K, used 10329K [0x000000076b500000, 0x0000000774a00000, 0x00000007c0000000)
  eden space 131072K, 0% used [0x000000076b500000,0x000000076b500000,0x0000000773500000)
  from space 10752K, 96% used [0x0000000773f80000,0x0000000774996788,0x0000000774a00000)
  to   space 10752K, 0% used [0x0000000773500000,0x0000000773500000,0x0000000773f80000)
 ParOldGen       total 175104K, used 16K [0x00000006c1e00000, 0x00000006cc900000, 0x000000076b500000)
  object space 175104K, 0% used [0x00000006c1e00000,0x00000006c1e04000,0x00000006cc900000)
 Metaspace       used 20703K, capacity 21264K, committed 21296K, reserved 1067008K
  class space    used 2675K, capacity 2859K, committed 2864K, reserved 1048576K
Event: 1.536 GC heap after
Heap after GC invocations=3 (full 1):
 PSYoungGen      total 141824K, used 0K [0x000000076b500000, 0x0000000774a00000, 0x00000007c0000000)
  eden space 131072K, 0% used [0x000000076b500000,0x000000076b500000,0x0000000773500000)
  from space 10752K, 0% used [0x0000000773f80000,0x0000000773f80000,0x0000000774a00000)
  to   space 10752K, 0% used [0x0000000773500000,0x0000000773500000,0x0000000773f80000)
 ParOldGen       total 112640K, used 9807K [0x00000006c1e00000, 0x00000006c8c00000, 0x000000076b500000)
  object space 112640K, 8% used [0x00000006c1e00000,0x00000006c2793c10,0x00000006c8c00000)
 Metaspace       used 20702K, capacity 21258K, committed 21296K, reserved 1067008K
  class space    used 2674K, capacity 2858K, committed 2864K, reserved 1048576K
}
Event: 16.412 GC heap before
{Heap before GC invocations=4 (full 1):
 PSYoungGen      total 141824K, used 121854K [0x000000076b500000, 0x0000000774a00000, 0x00000007c0000000)
  eden space 131072K, 92% used [0x000000076b500000,0x0000000772bffb08,0x0000000773500000)
  from space 10752K, 0% used [0x0000000773f80000,0x0000000773f80000,0x0000000774a00000)
  to   space 10752K, 0% used [0x0000000773500000,0x0000000773500000,0x0000000773f80000)
 ParOldGen       total 112640K, used 9807K [0x00000006c1e00000, 0x00000006c8c00000, 0x000000076b500000)
  object space 112640K, 8% used [0x00000006c1e00000,0x00000006c2793c10,0x00000006c8c00000)
 Metaspace       used 33885K, capacity 35376K, committed 35496K, reserved 1079296K
  class space    used 4367K, capacity 4661K, committed 4776K, reserved 1048576K
Event: 16.425 GC heap after
Heap after GC invocations=4 (full 1):
 PSYoungGen      total 141824K, used 10730K [0x000000076b500000, 0x0000000777680000, 0x00000007c0000000)
  eden space 131072K, 0% used [0x000000076b500000,0x000000076b500000,0x0000000773500000)
  from space 10752K, 99% used [0x0000000773500000,0x0000000773f7a8a0,0x0000000773f80000)
  to   space 10752K, 0% used [0x0000000776c00000,0x0000000776c00000,0x0000000777680000)
 ParOldGen       total 112640K, used 17220K [0x00000006c1e00000, 0x00000006c8c00000, 0x000000076b500000)
  object space 112640K, 15% used [0x00000006c1e00000,0x00000006c2ed1148,0x00000006c8c00000)
 Metaspace       used 33885K, capacity 35376K, committed 35496K, reserved 1079296K
  class space    used 4367K, capacity 4661K, committed 4776K, reserved 1048576K
}
Event: 16.425 GC heap before
{Heap before GC invocations=5 (full 2):
 PSYoungGen      total 141824K, used 10730K [0x000000076b500000, 0x0000000777680000, 0x00000007c0000000)
  eden space 131072K, 0% used [0x000000076b500000,0x000000076b500000,0x0000000773500000)
  from space 10752K, 99% used [0x0000000773500000,0x0000000773f7a8a0,0x0000000773f80000)
  to   space 10752K, 0% used [0x0000000776c00000,0x0000000776c00000,0x0000000777680000)
 ParOldGen       total 112640K, used 17220K [0x00000006c1e00000, 0x00000006c8c00000, 0x000000076b500000)
  object space 112640K, 15% used [0x00000006c1e00000,0x00000006c2ed1148,0x00000006c8c00000)
 Metaspace       used 33885K, capacity 35376K, committed 35496K, reserved 1079296K
  class space    used 4367K, capacity 4661K, committed 4776K, reserved 1048576K
Event: 16.509 GC heap after
Heap after GC invocations=5 (full 2):
 PSYoungGen      total 141824K, used 0K [0x000000076b500000, 0x0000000777680000, 0x00000007c0000000)
  eden space 131072K, 0% used [0x000000076b500000,0x000000076b500000,0x0000000773500000)
  from space 10752K, 0% used [0x0000000773500000,0x0000000773500000,0x0000000773f80000)
  to   space 10752K, 0% used [0x0000000776c00000,0x0000000776c00000,0x0000000777680000)
 ParOldGen       total 185344K, used 21274K [0x00000006c1e00000, 0x00000006cd300000, 0x000000076b500000)
  object space 185344K, 11% used [0x00000006c1e00000,0x00000006c32c6830,0x00000006cd300000)
 Metaspace       used 33885K, capacity 35376K, committed 35496K, reserved 1079296K
  class space    used 4367K, capacity 4661K, committed 4776K, reserved 1048576K
}

