# JRE version: Java(TM) SE Runtime Environment (8.0_261-b12) (build 1.8.0_261-b12)
# Java VM: Java HotSpot(TM) 64-Bit Server VM (25.261-b12 mixed mode windows-amd64 compressed oops)
Heap:
 PSYoungGen      total 305664K, used 97169K [0x000000076ab00000, 0x0000000788200000, 0x00000007c0000000)
  eden space 262144K, 20% used [0x000000076ab00000,0x000000076df64fd0,0x000000077ab00000)
  from space 43520K, 99% used [0x000000077ab00000,0x000000077d57f4c8,0x000000077d580000)
  to   space 43520K, 0% used [0x0000000785780000,0x0000000785780000,0x0000000788200000)
 ParOldGen       total 786432K, used 33430K [0x00000006c0000000, 0x00000006f0000000, 0x000000076ab00000)
  object space 786432K, 4% used [0x00000006c0000000,0x00000006c20a5810,0x00000006f0000000)
 Metaspace       used 35614K, capacity 37254K, committed 37504K, reserved 1081344K
  class space    used 4640K, capacity 4963K, committed 4992K, reserved 1048576K
GC Heap History (10 events):
Event: 5.253 GC heap before
{Heap before GC invocations=1 (full 0):
 PSYoungGen      total 305664K, used 152055K [0x000000076ab00000, 0x0000000780000000, 0x00000007c0000000)
  eden space 262144K, 58% used [0x000000076ab00000,0x0000000773f7dcc0,0x000000077ab00000)
  from space 43520K, 0% used [0x000000077d580000,0x000000077d580000,0x0000000780000000)
  to   space 43520K, 0% used [0x000000077ab00000,0x000000077ab00000,0x000000077d580000)
 ParOldGen       total 699392K, used 0K [0x00000006c0000000, 0x00000006eab00000, 0x000000076ab00000)
  object space 699392K, 0% used [0x00000006c0000000,0x00000006c0000000,0x00000006eab00000)
 Metaspace       used 20737K, capacity 21190K, committed 21296K, reserved 1067008K
  class space    used 2724K, capacity 2862K, committed 2944K, reserved 1048576K
Event: 5.281 GC heap after
Heap after GC invocations=1 (full 0):
 PSYoungGen      total 305664K, used 14149K [0x000000076ab00000, 0x0000000780000000, 0x00000007c0000000)
  eden space 262144K, 0% used [0x000000076ab00000,0x000000076ab00000,0x000000077ab00000)
  from space 43520K, 32% used [0x000000077ab00000,0x000000077b8d1428,0x000000077d580000)
  to   space 43520K, 0% used [0x000000077d580000,0x000000077d580000,0x0000000780000000)
 ParOldGen       total 699392K, used 16K [0x00000006c0000000, 0x00000006eab00000, 0x000000076ab00000)
  object space 699392K, 0% used [0x00000006c0000000,0x00000006c0004000,0x00000006eab00000)
 Metaspace       used 20737K, capacity 21190K, committed 21296K, reserved 1067008K
  class space    used 2724K, capacity 2862K, committed 2944K, reserved 1048576K
}
Event: 5.281 GC heap before
{Heap before GC invocations=2 (full 1):
 PSYoungGen      total 305664K, used 14149K [0x000000076ab00000, 0x0000000780000000, 0x00000007c0000000)
  eden space 262144K, 0% used [0x000000076ab00000,0x000000076ab00000,0x000000077ab00000)
  from space 43520K, 32% used [0x000000077ab00000,0x000000077b8d1428,0x000000077d580000)
  to   space 43520K, 0% used [0x000000077d580000,0x000000077d580000,0x0000000780000000)
 ParOldGen       total 699392K, used 16K [0x00000006c0000000, 0x00000006eab00000, 0x000000076ab00000)
  object space 699392K, 0% used [0x00000006c0000000,0x00000006c0004000,0x00000006eab00000)
 Metaspace       used 20737K, capacity 21190K, committed 21296K, reserved 1067008K
  class space    used 2724K, capacity 2862K, committed 2944K, reserved 1048576K
Event: 5.344 GC heap after
Heap after GC invocations=2 (full 1):
 PSYoungGen      total 305664K, used 0K [0x000000076ab00000, 0x0000000780000000, 0x00000007c0000000)
  eden space 262144K, 0% used [0x000000076ab00000,0x000000076ab00000,0x000000077ab00000)
  from space 43520K, 0% used [0x000000077ab00000,0x000000077ab00000,0x000000077d580000)
  to   space 43520K, 0% used [0x000000077d580000,0x000000077d580000,0x0000000780000000)
 ParOldGen       total 699392K, used 13542K [0x00000006c0000000, 0x00000006eab00000, 0x000000076ab00000)
  object space 699392K, 1% used [0x00000006c0000000,0x00000006c0d399a0,0x00000006eab00000)
 Metaspace       used 20736K, capacity 21184K, committed 21296K, reserved 1067008K
  class space    used 2724K, capacity 2861K, committed 2944K, reserved 1048576K
}
Event: 32.481 GC heap before
{Heap before GC invocations=3 (full 1):
 PSYoungGen      total 305664K, used 201008K [0x000000076ab00000, 0x0000000780000000, 0x00000007c0000000)
  eden space 262144K, 76% used [0x000000076ab00000,0x0000000776f4c3e8,0x000000077ab00000)
  from space 43520K, 0% used [0x000000077ab00000,0x000000077ab00000,0x000000077d580000)
  to   space 43520K, 0% used [0x000000077d580000,0x000000077d580000,0x0000000780000000)
 ParOldGen       total 699392K, used 13542K [0x00000006c0000000, 0x00000006eab00000, 0x000000076ab00000)
  object space 699392K, 1% used [0x00000006c0000000,0x00000006c0d399a0,0x00000006eab00000)
 Metaspace       used 33745K, capacity 35328K, committed 35496K, reserved 1079296K
  class space    used 4463K, capacity 4758K, committed 4864K, reserved 1048576K
Event: 32.503 GC heap after
Heap after GC invocations=3 (full 1):
 PSYoungGen      total 305664K, used 20762K [0x000000076ab00000, 0x0000000783300000, 0x00000007c0000000)
  eden space 262144K, 0% used [0x000000076ab00000,0x000000076ab00000,0x000000077ab00000)
  from space 43520K, 47% used [0x000000077d580000,0x000000077e9c69a8,0x0000000780000000)
  to   space 43520K, 0% used [0x000000077ab00000,0x000000077ab00000,0x000000077d580000)
 ParOldGen       total 699392K, used 13614K [0x00000006c0000000, 0x00000006eab00000, 0x000000076ab00000)
  object space 699392K, 1% used [0x00000006c0000000,0x00000006c0d4b9b0,0x00000006eab00000)
 Metaspace       used 33745K, capacity 35328K, committed 35496K, reserved 1079296K
  class space    used 4463K, capacity 4758K, committed 4864K, reserved 1048576K
}
Event: 32.503 GC heap before
{Heap before GC invocations=4 (full 2):
 PSYoungGen      total 305664K, used 20762K [0x000000076ab00000, 0x0000000783300000, 0x00000007c0000000)
  eden space 262144K, 0% used [0x000000076ab00000,0x000000076ab00000,0x000000077ab00000)
  from space 43520K, 47% used [0x000000077d580000,0x000000077e9c69a8,0x0000000780000000)
  to   space 43520K, 0% used [0x000000077ab00000,0x000000077ab00000,0x000000077d580000)
 ParOldGen       total 699392K, used 13614K [0x00000006c0000000, 0x00000006eab00000, 0x000000076ab00000)
  object space 699392K, 1% used [0x00000006c0000000,0x00000006c0d4b9b0,0x00000006eab00000)
 Metaspace       used 33745K, capacity 35328K, committed 35496K, reserved 1079296K
  class space    used 4463K, capacity 4758K, committed 4864K, reserved 1048576K
Event: 32.565 GC heap after
Heap after GC invocations=4 (full 2):
 PSYoungGen      total 305664K, used 0K [0x000000076ab00000, 0x0000000783300000, 0x00000007c0000000)
  eden space 262144K, 0% used [0x000000076ab00000,0x000000076ab00000,0x000000077ab00000)
  from space 43520K, 0% used [0x000000077d580000,0x000000077d580000,0x0000000780000000)
  to   space 43520K, 0% used [0x000000077ab00000,0x000000077ab00000,0x000000077d580000)
 ParOldGen       total 786432K, used 24794K [0x00000006c0000000, 0x00000006f0000000, 0x000000076ab00000)
  object space 786432K, 3% used [0x00000006c0000000,0x00000006c1836910,0x00000006f0000000)
 Metaspace       used 33745K, capacity 35328K, committed 35496K, reserved 1079296K
  class space    used 4463K, capacity 4758K, committed 4864K, reserved 1048576K
}
Event: 33.796 GC heap before
{Heap before GC invocations=5 (full 2):
 PSYoungGen      total 305664K, used 262144K [0x000000076ab00000, 0x0000000783300000, 0x00000007c0000000)
  eden space 262144K, 100% used [0x000000076ab00000,0x000000077ab00000,0x000000077ab00000)
  from space 43520K, 0% used [0x000000077d580000,0x000000077d580000,0x0000000780000000)
  to   space 43520K, 0% used [0x000000077ab00000,0x000000077ab00000,0x000000077d580000)
 ParOldGen       total 786432K, used 24794K [0x00000006c0000000, 0x00000006f0000000, 0x000000076ab00000)
  object space 786432K, 3% used [0x00000006c0000000,0x00000006c1836910,0x00000006f0000000)
 Metaspace       used 35551K, capacity 37254K, committed 37504K, reserved 1081344K
  class space    used 4639K, capacity 4963K, committed 4992K, reserved 1048576K
Event: 33.818 GC heap after
Heap after GC invocations=5 (full 2):
 PSYoungGen      total 305664K, used 43517K [0x000000076ab00000, 0x0000000788200000, 0x00000007c0000000)
  eden space 262144K, 0% used [0x000000076ab00000,0x000000076ab00000,0x000000077ab00000)
  from space 43520K, 99% used [0x000000077ab00000,0x000000077d57f4c8,0x000000077d580000)
  to   space 43520K, 0% used [0x0000000785780000,0x0000000785780000,0x0000000788200000)
 ParOldGen       total 786432K, used 33430K [0x00000006c0000000, 0x00000006f0000000, 0x000000076ab00000)
  object space 786432K, 4% used [0x00000006c0000000,0x00000006c20a5810,0x00000006f0000000)
 Metaspace       used 35551K, capacity 37254K, committed 37504K, reserved 1081344K
  class space    used 4639K, capacity 4963K, committed 4992K, reserved 1048576K
}

