# JRE version: Java(TM) SE Runtime Environment (8.0_261-b12) (build 1.8.0_261-b12)
# Java VM: Java HotSpot(TM) 64-Bit Server VM (25.261-b12 mixed mode windows-amd64 compressed oops)
Heap:
 PSYoungGen      total 305664K, used 43343K [0x000000076ab00000, 0x0000000782880000, 0x00000007c0000000)
  eden space 262144K, 16% used [0x000000076ab00000,0x000000076d553f58,0x000000077ab00000)
  from space 43520K, 0% used [0x000000077d580000,0x000000077d580000,0x0000000780000000)
  to   space 43520K, 0% used [0x000000077ab00000,0x000000077ab00000,0x000000077d580000)
 ParOldGen       total 699392K, used 24443K [0x00000006c0000000, 0x00000006eab00000, 0x000000076ab00000)
  object space 699392K, 3% used [0x00000006c0000000,0x00000006c17ded38,0x00000006eab00000)
 Metaspace       used 36464K, capacity 38222K, committed 38528K, reserved 1083392K
  class space    used 4775K, capacity 5131K, committed 5248K, reserved 1048576K
GC Heap History (8 events):
Event: 6.597 GC heap before
{Heap before GC invocations=1 (full 0):
 PSYoungGen      total 305664K, used 152079K [0x000000076ab00000, 0x0000000780000000, 0x00000007c0000000)
  eden space 262144K, 58% used [0x000000076ab00000,0x0000000773f83f48,0x000000077ab00000)
  from space 43520K, 0% used [0x000000077d580000,0x000000077d580000,0x0000000780000000)
  to   space 43520K, 0% used [0x000000077ab00000,0x000000077ab00000,0x000000077d580000)
 ParOldGen       total 699392K, used 0K [0x00000006c0000000, 0x00000006eab00000, 0x000000076ab00000)
  object space 699392K, 0% used [0x00000006c0000000,0x00000006c0000000,0x00000006eab00000)
 Metaspace       used 20700K, capacity 21190K, committed 21296K, reserved 1067008K
  class space    used 2713K, capacity 2862K, committed 2944K, reserved 1048576K
Event: 6.618 GC heap after
Heap after GC invocations=1 (full 0):
 PSYoungGen      total 305664K, used 14118K [0x000000076ab00000, 0x0000000780000000, 0x00000007c0000000)
  eden space 262144K, 0% used [0x000000076ab00000,0x000000076ab00000,0x000000077ab00000)
  from space 43520K, 32% used [0x000000077ab00000,0x000000077b8c9ad0,0x000000077d580000)
  to   space 43520K, 0% used [0x000000077d580000,0x000000077d580000,0x0000000780000000)
 ParOldGen       total 699392K, used 24K [0x00000006c0000000, 0x00000006eab00000, 0x000000076ab00000)
  object space 699392K, 0% used [0x00000006c0000000,0x00000006c0006000,0x00000006eab00000)
 Metaspace       used 20700K, capacity 21190K, committed 21296K, reserved 1067008K
  class space    used 2713K, capacity 2862K, committed 2944K, reserved 1048576K
}
Event: 6.618 GC heap before
{Heap before GC invocations=2 (full 1):
 PSYoungGen      total 305664K, used 14118K [0x000000076ab00000, 0x0000000780000000, 0x00000007c0000000)
  eden space 262144K, 0% used [0x000000076ab00000,0x000000076ab00000,0x000000077ab00000)
  from space 43520K, 32% used [0x000000077ab00000,0x000000077b8c9ad0,0x000000077d580000)
  to   space 43520K, 0% used [0x000000077d580000,0x000000077d580000,0x0000000780000000)
 ParOldGen       total 699392K, used 24K [0x00000006c0000000, 0x00000006eab00000, 0x000000076ab00000)
  object space 699392K, 0% used [0x00000006c0000000,0x00000006c0006000,0x00000006eab00000)
 Metaspace       used 20700K, capacity 21190K, committed 21296K, reserved 1067008K
  class space    used 2713K, capacity 2862K, committed 2944K, reserved 1048576K
Event: 6.686 GC heap after
Heap after GC invocations=2 (full 1):
 PSYoungGen      total 305664K, used 0K [0x000000076ab00000, 0x0000000780000000, 0x00000007c0000000)
  eden space 262144K, 0% used [0x000000076ab00000,0x000000076ab00000,0x000000077ab00000)
  from space 43520K, 0% used [0x000000077ab00000,0x000000077ab00000,0x000000077d580000)
  to   space 43520K, 0% used [0x000000077d580000,0x000000077d580000,0x0000000780000000)
 ParOldGen       total 699392K, used 13519K [0x00000006c0000000, 0x00000006eab00000, 0x000000076ab00000)
  object space 699392K, 1% used [0x00000006c0000000,0x00000006c0d33fb0,0x00000006eab00000)
 Metaspace       used 20699K, capacity 21184K, committed 21296K, reserved 1067008K
  class space    used 2713K, capacity 2861K, committed 2944K, reserved 1048576K
}
Event: 42.579 GC heap before
{Heap before GC invocations=3 (full 1):
 PSYoungGen      total 305664K, used 201655K [0x000000076ab00000, 0x0000000780000000, 0x00000007c0000000)
  eden space 262144K, 76% used [0x000000076ab00000,0x0000000776fedf70,0x000000077ab00000)
  from space 43520K, 0% used [0x000000077ab00000,0x000000077ab00000,0x000000077d580000)
  to   space 43520K, 0% used [0x000000077d580000,0x000000077d580000,0x0000000780000000)
 ParOldGen       total 699392K, used 13519K [0x00000006c0000000, 0x00000006eab00000, 0x000000076ab00000)
  object space 699392K, 1% used [0x00000006c0000000,0x00000006c0d33fb0,0x00000006eab00000)
 Metaspace       used 33781K, capacity 35412K, committed 35496K, reserved 1079296K
  class space    used 4487K, capacity 4826K, committed 4864K, reserved 1048576K
Event: 42.603 GC heap after
Heap after GC invocations=3 (full 1):
 PSYoungGen      total 305664K, used 20271K [0x000000076ab00000, 0x0000000782880000, 0x00000007c0000000)
  eden space 262144K, 0% used [0x000000076ab00000,0x000000076ab00000,0x000000077ab00000)
  from space 43520K, 46% used [0x000000077d580000,0x000000077e94bfd0,0x0000000780000000)
  to   space 43520K, 0% used [0x000000077ab00000,0x000000077ab00000,0x000000077d580000)
 ParOldGen       total 699392K, used 13591K [0x00000006c0000000, 0x00000006eab00000, 0x000000076ab00000)
  object space 699392K, 1% used [0x00000006c0000000,0x00000006c0d45fc0,0x00000006eab00000)
 Metaspace       used 33781K, capacity 35412K, committed 35496K, reserved 1079296K
  class space    used 4487K, capacity 4826K, committed 4864K, reserved 1048576K
}
Event: 42.603 GC heap before
{Heap before GC invocations=4 (full 2):
 PSYoungGen      total 305664K, used 20271K [0x000000076ab00000, 0x0000000782880000, 0x00000007c0000000)
  eden space 262144K, 0% used [0x000000076ab00000,0x000000076ab00000,0x000000077ab00000)
  from space 43520K, 46% used [0x000000077d580000,0x000000077e94bfd0,0x0000000780000000)
  to   space 43520K, 0% used [0x000000077ab00000,0x000000077ab00000,0x000000077d580000)
 ParOldGen       total 699392K, used 13591K [0x00000006c0000000, 0x00000006eab00000, 0x000000076ab00000)
  object space 699392K, 1% used [0x00000006c0000000,0x00000006c0d45fc0,0x00000006eab00000)
 Metaspace       used 33781K, capacity 35412K, committed 35496K, reserved 1079296K
  class space    used 4487K, capacity 4826K, committed 4864K, reserved 1048576K
Event: 42.682 GC heap after
Heap after GC invocations=4 (full 2):
 PSYoungGen      total 305664K, used 0K [0x000000076ab00000, 0x0000000782880000, 0x00000007c0000000)
  eden space 262144K, 0% used [0x000000076ab00000,0x000000076ab00000,0x000000077ab00000)
  from space 43520K, 0% used [0x000000077d580000,0x000000077d580000,0x0000000780000000)
  to   space 43520K, 0% used [0x000000077ab00000,0x000000077ab00000,0x000000077d580000)
 ParOldGen       total 699392K, used 24443K [0x00000006c0000000, 0x00000006eab00000, 0x000000076ab00000)
  object space 699392K, 3% used [0x00000006c0000000,0x00000006c17ded38,0x00000006eab00000)
 Metaspace       used 33781K, capacity 35412K, committed 35496K, reserved 1079296K
  class space    used 4487K, capacity 4826K, committed 4864K, reserved 1048576K
}

