# JRE version: Java(TM) SE Runtime Environment (8.0_261-b12) (build 1.8.0_261-b12)
# Java VM: Java HotSpot(TM) 64-Bit Server VM (25.261-b12 mixed mode windows-amd64 compressed oops)
Heap:
 PSYoungGen      total 305664K, used 74045K [0x000000076ab00000, 0x0000000783b00000, 0x00000007c0000000)
  eden space 262144K, 28% used [0x000000076ab00000,0x000000076f34f6c0,0x000000077ab00000)
  from space 43520K, 0% used [0x000000077d580000,0x000000077d580000,0x0000000780000000)
  to   space 43520K, 0% used [0x000000077ab00000,0x000000077ab00000,0x000000077d580000)
 ParOldGen       total 824320K, used 24810K [0x00000006c0000000, 0x00000006f2500000, 0x000000076ab00000)
  object space 824320K, 3% used [0x00000006c0000000,0x00000006c183aab8,0x00000006f2500000)
 Metaspace       used 35543K, capacity 37190K, committed 37504K, reserved 1081344K
  class space    used 4637K, capacity 4963K, committed 4992K, reserved 1048576K
GC Heap History (8 events):
Event: 5.820 GC heap before
{Heap before GC invocations=1 (full 0):
 PSYoungGen      total 305664K, used 157386K [0x000000076ab00000, 0x0000000780000000, 0x00000007c0000000)
  eden space 262144K, 60% used [0x000000076ab00000,0x00000007744b2bf8,0x000000077ab00000)
  from space 43520K, 0% used [0x000000077d580000,0x000000077d580000,0x0000000780000000)
  to   space 43520K, 0% used [0x000000077ab00000,0x000000077ab00000,0x000000077d580000)
 ParOldGen       total 699392K, used 0K [0x00000006c0000000, 0x00000006eab00000, 0x000000076ab00000)
  object space 699392K, 0% used [0x00000006c0000000,0x00000006c0000000,0x00000006eab00000)
 Metaspace       used 20740K, capacity 21222K, committed 21296K, reserved 1067008K
  class space    used 2724K, capacity 2894K, committed 2944K, reserved 1048576K
Event: 5.842 GC heap after
Heap after GC invocations=1 (full 0):
 PSYoungGen      total 305664K, used 14243K [0x000000076ab00000, 0x0000000780000000, 0x00000007c0000000)
  eden space 262144K, 0% used [0x000000076ab00000,0x000000076ab00000,0x000000077ab00000)
  from space 43520K, 32% used [0x000000077ab00000,0x000000077b8e8d20,0x000000077d580000)
  to   space 43520K, 0% used [0x000000077d580000,0x000000077d580000,0x0000000780000000)
 ParOldGen       total 699392K, used 16K [0x00000006c0000000, 0x00000006eab00000, 0x000000076ab00000)
  object space 699392K, 0% used [0x00000006c0000000,0x00000006c0004000,0x00000006eab00000)
 Metaspace       used 20740K, capacity 21222K, committed 21296K, reserved 1067008K
  class space    used 2724K, capacity 2894K, committed 2944K, reserved 1048576K
}
Event: 5.842 GC heap before
{Heap before GC invocations=2 (full 1):
 PSYoungGen      total 305664K, used 14243K [0x000000076ab00000, 0x0000000780000000, 0x00000007c0000000)
  eden space 262144K, 0% used [0x000000076ab00000,0x000000076ab00000,0x000000077ab00000)
  from space 43520K, 32% used [0x000000077ab00000,0x000000077b8e8d20,0x000000077d580000)
  to   space 43520K, 0% used [0x000000077d580000,0x000000077d580000,0x0000000780000000)
 ParOldGen       total 699392K, used 16K [0x00000006c0000000, 0x00000006eab00000, 0x000000076ab00000)
  object space 699392K, 0% used [0x00000006c0000000,0x00000006c0004000,0x00000006eab00000)
 Metaspace       used 20740K, capacity 21222K, committed 21296K, reserved 1067008K
  class space    used 2724K, capacity 2894K, committed 2944K, reserved 1048576K
Event: 5.903 GC heap after
Heap after GC invocations=2 (full 1):
 PSYoungGen      total 305664K, used 0K [0x000000076ab00000, 0x0000000780000000, 0x00000007c0000000)
  eden space 262144K, 0% used [0x000000076ab00000,0x000000076ab00000,0x000000077ab00000)
  from space 43520K, 0% used [0x000000077ab00000,0x000000077ab00000,0x000000077d580000)
  to   space 43520K, 0% used [0x000000077d580000,0x000000077d580000,0x0000000780000000)
 ParOldGen       total 699392K, used 13544K [0x00000006c0000000, 0x00000006eab00000, 0x000000076ab00000)
  object space 699392K, 1% used [0x00000006c0000000,0x00000006c0d3a288,0x00000006eab00000)
 Metaspace       used 20738K, capacity 21216K, committed 21296K, reserved 1067008K
  class space    used 2723K, capacity 2893K, committed 2944K, reserved 1048576K
}
Event: 17.533 GC heap before
{Heap before GC invocations=3 (full 1):
 PSYoungGen      total 305664K, used 199609K [0x000000076ab00000, 0x0000000780000000, 0x00000007c0000000)
  eden space 262144K, 76% used [0x000000076ab00000,0x0000000776dee778,0x000000077ab00000)
  from space 43520K, 0% used [0x000000077ab00000,0x000000077ab00000,0x000000077d580000)
  to   space 43520K, 0% used [0x000000077d580000,0x000000077d580000,0x0000000780000000)
 ParOldGen       total 699392K, used 13544K [0x00000006c0000000, 0x00000006eab00000, 0x000000076ab00000)
  object space 699392K, 1% used [0x00000006c0000000,0x00000006c0d3a288,0x00000006eab00000)
 Metaspace       used 33742K, capacity 35328K, committed 35496K, reserved 1079296K
  class space    used 4463K, capacity 4758K, committed 4864K, reserved 1048576K
Event: 17.562 GC heap after
Heap after GC invocations=3 (full 1):
 PSYoungGen      total 305664K, used 20662K [0x000000076ab00000, 0x0000000783b00000, 0x00000007c0000000)
  eden space 262144K, 0% used [0x000000076ab00000,0x000000076ab00000,0x000000077ab00000)
  from space 43520K, 47% used [0x000000077d580000,0x000000077e9ad810,0x0000000780000000)
  to   space 43520K, 0% used [0x000000077ab00000,0x000000077ab00000,0x000000077d580000)
 ParOldGen       total 699392K, used 13616K [0x00000006c0000000, 0x00000006eab00000, 0x000000076ab00000)
  object space 699392K, 1% used [0x00000006c0000000,0x00000006c0d4c298,0x00000006eab00000)
 Metaspace       used 33742K, capacity 35328K, committed 35496K, reserved 1079296K
  class space    used 4463K, capacity 4758K, committed 4864K, reserved 1048576K
}
Event: 17.562 GC heap before
{Heap before GC invocations=4 (full 2):
 PSYoungGen      total 305664K, used 20662K [0x000000076ab00000, 0x0000000783b00000, 0x00000007c0000000)
  eden space 262144K, 0% used [0x000000076ab00000,0x000000076ab00000,0x000000077ab00000)
  from space 43520K, 47% used [0x000000077d580000,0x000000077e9ad810,0x0000000780000000)
  to   space 43520K, 0% used [0x000000077ab00000,0x000000077ab00000,0x000000077d580000)
 ParOldGen       total 699392K, used 13616K [0x00000006c0000000, 0x00000006eab00000, 0x000000076ab00000)
  object space 699392K, 1% used [0x00000006c0000000,0x00000006c0d4c298,0x00000006eab00000)
 Metaspace       used 33742K, capacity 35328K, committed 35496K, reserved 1079296K
  class space    used 4463K, capacity 4758K, committed 4864K, reserved 1048576K
Event: 17.668 GC heap after
Heap after GC invocations=4 (full 2):
 PSYoungGen      total 305664K, used 0K [0x000000076ab00000, 0x0000000783b00000, 0x00000007c0000000)
  eden space 262144K, 0% used [0x000000076ab00000,0x000000076ab00000,0x000000077ab00000)
  from space 43520K, 0% used [0x000000077d580000,0x000000077d580000,0x0000000780000000)
  to   space 43520K, 0% used [0x000000077ab00000,0x000000077ab00000,0x000000077d580000)
 ParOldGen       total 824320K, used 24810K [0x00000006c0000000, 0x00000006f2500000, 0x000000076ab00000)
  object space 824320K, 3% used [0x00000006c0000000,0x00000006c183aab8,0x00000006f2500000)
 Metaspace       used 33742K, capacity 35328K, committed 35496K, reserved 1079296K
  class space    used 4463K, capacity 4758K, committed 4864K, reserved 1048576K
}

