# JRE version: Java(TM) SE Runtime Environment (8.0_261-b12) (build 1.8.0_261-b12)
# Java VM: Java HotSpot(TM) 64-Bit Server VM (25.261-b12 mixed mode windows-amd64 compressed oops)
Heap:
 PSYoungGen      total 305664K, used 256559K [0x000000076ab00000, 0x0000000782400000, 0x00000007c0000000)
  eden space 262144K, 97% used [0x000000076ab00000,0x000000077a58bf38,0x000000077ab00000)
  from space 43520K, 0% used [0x000000077d580000,0x000000077d580000,0x0000000780000000)
  to   space 43520K, 0% used [0x000000077ab00000,0x000000077ab00000,0x000000077d580000)
 ParOldGen       total 699392K, used 25108K [0x00000006c0000000, 0x00000006eab00000, 0x000000076ab00000)
  object space 699392K, 3% used [0x00000006c0000000,0x00000006c18851a0,0x00000006eab00000)
 Metaspace       used 36493K, capacity 38154K, committed 38400K, reserved 1083392K
  class space    used 4756K, capacity 5067K, committed 5120K, reserved 1048576K
GC Heap History (8 events):
Event: 5.255 GC heap before
{Heap before GC invocations=1 (full 0):
 PSYoungGen      total 305664K, used 157369K [0x000000076ab00000, 0x0000000780000000, 0x00000007c0000000)
  eden space 262144K, 60% used [0x000000076ab00000,0x00000007744ae6e8,0x000000077ab00000)
  from space 43520K, 0% used [0x000000077d580000,0x000000077d580000,0x0000000780000000)
  to   space 43520K, 0% used [0x000000077ab00000,0x000000077ab00000,0x000000077d580000)
 ParOldGen       total 699392K, used 0K [0x00000006c0000000, 0x00000006eab00000, 0x000000076ab00000)
  object space 699392K, 0% used [0x00000006c0000000,0x00000006c0000000,0x00000006eab00000)
 Metaspace       used 20710K, capacity 21222K, committed 21296K, reserved 1067008K
  class space    used 2723K, capacity 2894K, committed 2944K, reserved 1048576K
Event: 5.277 GC heap after
Heap after GC invocations=1 (full 0):
 PSYoungGen      total 305664K, used 14386K [0x000000076ab00000, 0x0000000780000000, 0x00000007c0000000)
  eden space 262144K, 0% used [0x000000076ab00000,0x000000076ab00000,0x000000077ab00000)
  from space 43520K, 33% used [0x000000077ab00000,0x000000077b90cba8,0x000000077d580000)
  to   space 43520K, 0% used [0x000000077d580000,0x000000077d580000,0x0000000780000000)
 ParOldGen       total 699392K, used 16K [0x00000006c0000000, 0x00000006eab00000, 0x000000076ab00000)
  object space 699392K, 0% used [0x00000006c0000000,0x00000006c0004000,0x00000006eab00000)
 Metaspace       used 20710K, capacity 21222K, committed 21296K, reserved 1067008K
  class space    used 2723K, capacity 2894K, committed 2944K, reserved 1048576K
}
Event: 5.277 GC heap before
{Heap before GC invocations=2 (full 1):
 PSYoungGen      total 305664K, used 14386K [0x000000076ab00000, 0x0000000780000000, 0x00000007c0000000)
  eden space 262144K, 0% used [0x000000076ab00000,0x000000076ab00000,0x000000077ab00000)
  from space 43520K, 33% used [0x000000077ab00000,0x000000077b90cba8,0x000000077d580000)
  to   space 43520K, 0% used [0x000000077d580000,0x000000077d580000,0x0000000780000000)
 ParOldGen       total 699392K, used 16K [0x00000006c0000000, 0x00000006eab00000, 0x000000076ab00000)
  object space 699392K, 0% used [0x00000006c0000000,0x00000006c0004000,0x00000006eab00000)
 Metaspace       used 20710K, capacity 21222K, committed 21296K, reserved 1067008K
  class space    used 2723K, capacity 2894K, committed 2944K, reserved 1048576K
Event: 5.349 GC heap after
Heap after GC invocations=2 (full 1):
 PSYoungGen      total 305664K, used 0K [0x000000076ab00000, 0x0000000780000000, 0x00000007c0000000)
  eden space 262144K, 0% used [0x000000076ab00000,0x000000076ab00000,0x000000077ab00000)
  from space 43520K, 0% used [0x000000077ab00000,0x000000077ab00000,0x000000077d580000)
  to   space 43520K, 0% used [0x000000077d580000,0x000000077d580000,0x0000000780000000)
 ParOldGen       total 699392K, used 13767K [0x00000006c0000000, 0x00000006eab00000, 0x000000076ab00000)
  object space 699392K, 1% used [0x00000006c0000000,0x00000006c0d71f30,0x00000006eab00000)
 Metaspace       used 20709K, capacity 21216K, committed 21296K, reserved 1067008K
  class space    used 2722K, capacity 2893K, committed 2944K, reserved 1048576K
}
Event: 95.303 GC heap before
{Heap before GC invocations=3 (full 1):
 PSYoungGen      total 305664K, used 204849K [0x000000076ab00000, 0x0000000780000000, 0x00000007c0000000)
  eden space 262144K, 78% used [0x000000076ab00000,0x000000077730c4d0,0x000000077ab00000)
  from space 43520K, 0% used [0x000000077ab00000,0x000000077ab00000,0x000000077d580000)
  to   space 43520K, 0% used [0x000000077d580000,0x000000077d580000,0x0000000780000000)
 ParOldGen       total 699392K, used 13767K [0x00000006c0000000, 0x00000006eab00000, 0x000000076ab00000)
  object space 699392K, 1% used [0x00000006c0000000,0x00000006c0d71f30,0x00000006eab00000)
 Metaspace       used 33799K, capacity 35424K, committed 35496K, reserved 1079296K
  class space    used 4484K, capacity 4828K, committed 4864K, reserved 1048576K
Event: 95.326 GC heap after
Heap after GC invocations=3 (full 1):
 PSYoungGen      total 305664K, used 21073K [0x000000076ab00000, 0x0000000782400000, 0x00000007c0000000)
  eden space 262144K, 0% used [0x000000076ab00000,0x000000076ab00000,0x000000077ab00000)
  from space 43520K, 48% used [0x000000077d580000,0x000000077ea14610,0x0000000780000000)
  to   space 43520K, 0% used [0x000000077ab00000,0x000000077ab00000,0x000000077d580000)
 ParOldGen       total 699392K, used 13839K [0x00000006c0000000, 0x00000006eab00000, 0x000000076ab00000)
  object space 699392K, 1% used [0x00000006c0000000,0x00000006c0d83f40,0x00000006eab00000)
 Metaspace       used 33799K, capacity 35424K, committed 35496K, reserved 1079296K
  class space    used 4484K, capacity 4828K, committed 4864K, reserved 1048576K
}
Event: 95.326 GC heap before
{Heap before GC invocations=4 (full 2):
 PSYoungGen      total 305664K, used 21073K [0x000000076ab00000, 0x0000000782400000, 0x00000007c0000000)
  eden space 262144K, 0% used [0x000000076ab00000,0x000000076ab00000,0x000000077ab00000)
  from space 43520K, 48% used [0x000000077d580000,0x000000077ea14610,0x0000000780000000)
  to   space 43520K, 0% used [0x000000077ab00000,0x000000077ab00000,0x000000077d580000)
 ParOldGen       total 699392K, used 13839K [0x00000006c0000000, 0x00000006eab00000, 0x000000076ab00000)
  object space 699392K, 1% used [0x00000006c0000000,0x00000006c0d83f40,0x00000006eab00000)
 Metaspace       used 33799K, capacity 35424K, committed 35496K, reserved 1079296K
  class space    used 4484K, capacity 4828K, committed 4864K, reserved 1048576K
Event: 95.383 GC heap after
Heap after GC invocations=4 (full 2):
 PSYoungGen      total 305664K, used 0K [0x000000076ab00000, 0x0000000782400000, 0x00000007c0000000)
  eden space 262144K, 0% used [0x000000076ab00000,0x000000076ab00000,0x000000077ab00000)
  from space 43520K, 0% used [0x000000077d580000,0x000000077d580000,0x0000000780000000)
  to   space 43520K, 0% used [0x000000077ab00000,0x000000077ab00000,0x000000077d580000)
 ParOldGen       total 699392K, used 25108K [0x00000006c0000000, 0x00000006eab00000, 0x000000076ab00000)
  object space 699392K, 3% used [0x00000006c0000000,0x00000006c18851a0,0x00000006eab00000)
 Metaspace       used 33799K, capacity 35424K, committed 35496K, reserved 1079296K
  class space    used 4484K, capacity 4828K, committed 4864K, reserved 1048576K
}

