# JRE version: Java(TM) SE Runtime Environment (8.0_261-b12) (build 1.8.0_261-b12)
# Java VM: Java HotSpot(TM) 64-Bit Server VM (25.261-b12 mixed mode windows-amd64 compressed oops)
Heap:
 PSYoungGen      total 305664K, used 171433K [0x000000076ab00000, 0x0000000782e00000, 0x00000007c0000000)
  eden space 262144K, 65% used [0x000000076ab00000,0x000000077526a408,0x000000077ab00000)
  from space 43520K, 0% used [0x000000077d580000,0x000000077d580000,0x0000000780000000)
  to   space 43520K, 0% used [0x000000077ab00000,0x000000077ab00000,0x000000077d580000)
 ParOldGen       total 832512K, used 24295K [0x00000006c0000000, 0x00000006f2d00000, 0x000000076ab00000)
  object space 832512K, 2% used [0x00000006c0000000,0x00000006c17b9d38,0x00000006f2d00000)
 Metaspace       used 35528K, capacity 37250K, committed 37504K, reserved 1081344K
  class space    used 4637K, capacity 4963K, committed 4992K, reserved 1048576K
GC Heap History (8 events):
Event: 5.237 GC heap before
{Heap before GC invocations=1 (full 0):
 PSYoungGen      total 305664K, used 157370K [0x000000076ab00000, 0x0000000780000000, 0x00000007c0000000)
  eden space 262144K, 60% used [0x000000076ab00000,0x00000007744aebd0,0x000000077ab00000)
  from space 43520K, 0% used [0x000000077d580000,0x000000077d580000,0x0000000780000000)
  to   space 43520K, 0% used [0x000000077ab00000,0x000000077ab00000,0x000000077d580000)
 ParOldGen       total 699392K, used 0K [0x00000006c0000000, 0x00000006eab00000, 0x000000076ab00000)
  object space 699392K, 0% used [0x00000006c0000000,0x00000006c0000000,0x00000006eab00000)
 Metaspace       used 20730K, capacity 21222K, committed 21296K, reserved 1067008K
  class space    used 2730K, capacity 2894K, committed 2944K, reserved 1048576K
Event: 5.259 GC heap after
Heap after GC invocations=1 (full 0):
 PSYoungGen      total 305664K, used 14425K [0x000000076ab00000, 0x0000000780000000, 0x00000007c0000000)
  eden space 262144K, 0% used [0x000000076ab00000,0x000000076ab00000,0x000000077ab00000)
  from space 43520K, 33% used [0x000000077ab00000,0x000000077b916598,0x000000077d580000)
  to   space 43520K, 0% used [0x000000077d580000,0x000000077d580000,0x0000000780000000)
 ParOldGen       total 699392K, used 24K [0x00000006c0000000, 0x00000006eab00000, 0x000000076ab00000)
  object space 699392K, 0% used [0x00000006c0000000,0x00000006c0006000,0x00000006eab00000)
 Metaspace       used 20730K, capacity 21222K, committed 21296K, reserved 1067008K
  class space    used 2730K, capacity 2894K, committed 2944K, reserved 1048576K
}
Event: 5.259 GC heap before
{Heap before GC invocations=2 (full 1):
 PSYoungGen      total 305664K, used 14425K [0x000000076ab00000, 0x0000000780000000, 0x00000007c0000000)
  eden space 262144K, 0% used [0x000000076ab00000,0x000000076ab00000,0x000000077ab00000)
  from space 43520K, 33% used [0x000000077ab00000,0x000000077b916598,0x000000077d580000)
  to   space 43520K, 0% used [0x000000077d580000,0x000000077d580000,0x0000000780000000)
 ParOldGen       total 699392K, used 24K [0x00000006c0000000, 0x00000006eab00000, 0x000000076ab00000)
  object space 699392K, 0% used [0x00000006c0000000,0x00000006c0006000,0x00000006eab00000)
 Metaspace       used 20730K, capacity 21222K, committed 21296K, reserved 1067008K
  class space    used 2730K, capacity 2894K, committed 2944K, reserved 1048576K
Event: 5.323 GC heap after
Heap after GC invocations=2 (full 1):
 PSYoungGen      total 305664K, used 0K [0x000000076ab00000, 0x0000000780000000, 0x00000007c0000000)
  eden space 262144K, 0% used [0x000000076ab00000,0x000000076ab00000,0x000000077ab00000)
  from space 43520K, 0% used [0x000000077ab00000,0x000000077ab00000,0x000000077d580000)
  to   space 43520K, 0% used [0x000000077d580000,0x000000077d580000,0x0000000780000000)
 ParOldGen       total 699392K, used 13820K [0x00000006c0000000, 0x00000006eab00000, 0x000000076ab00000)
  object space 699392K, 1% used [0x00000006c0000000,0x00000006c0d7f100,0x00000006eab00000)
 Metaspace       used 20729K, capacity 21216K, committed 21296K, reserved 1067008K
  class space    used 2730K, capacity 2893K, committed 2944K, reserved 1048576K
}
Event: 21.676 GC heap before
{Heap before GC invocations=3 (full 1):
 PSYoungGen      total 305664K, used 195901K [0x000000076ab00000, 0x0000000780000000, 0x00000007c0000000)
  eden space 262144K, 74% used [0x000000076ab00000,0x0000000776a4f710,0x000000077ab00000)
  from space 43520K, 0% used [0x000000077ab00000,0x000000077ab00000,0x000000077d580000)
  to   space 43520K, 0% used [0x000000077d580000,0x000000077d580000,0x0000000780000000)
 ParOldGen       total 699392K, used 13820K [0x00000006c0000000, 0x00000006eab00000, 0x000000076ab00000)
  object space 699392K, 1% used [0x00000006c0000000,0x00000006c0d7f100,0x00000006eab00000)
 Metaspace       used 33729K, capacity 35362K, committed 35496K, reserved 1079296K
  class space    used 4467K, capacity 4791K, committed 4864K, reserved 1048576K
Event: 21.697 GC heap after
Heap after GC invocations=3 (full 1):
 PSYoungGen      total 305664K, used 20134K [0x000000076ab00000, 0x0000000782e00000, 0x00000007c0000000)
  eden space 262144K, 0% used [0x000000076ab00000,0x000000076ab00000,0x000000077ab00000)
  from space 43520K, 46% used [0x000000077d580000,0x000000077e929828,0x0000000780000000)
  to   space 43520K, 0% used [0x000000077ab00000,0x000000077ab00000,0x000000077d580000)
 ParOldGen       total 699392K, used 13892K [0x00000006c0000000, 0x00000006eab00000, 0x000000076ab00000)
  object space 699392K, 1% used [0x00000006c0000000,0x00000006c0d91110,0x00000006eab00000)
 Metaspace       used 33729K, capacity 35362K, committed 35496K, reserved 1079296K
  class space    used 4467K, capacity 4791K, committed 4864K, reserved 1048576K
}
Event: 21.697 GC heap before
{Heap before GC invocations=4 (full 2):
 PSYoungGen      total 305664K, used 20134K [0x000000076ab00000, 0x0000000782e00000, 0x00000007c0000000)
  eden space 262144K, 0% used [0x000000076ab00000,0x000000076ab00000,0x000000077ab00000)
  from space 43520K, 46% used [0x000000077d580000,0x000000077e929828,0x0000000780000000)
  to   space 43520K, 0% used [0x000000077ab00000,0x000000077ab00000,0x000000077d580000)
 ParOldGen       total 699392K, used 13892K [0x00000006c0000000, 0x00000006eab00000, 0x000000076ab00000)
  object space 699392K, 1% used [0x00000006c0000000,0x00000006c0d91110,0x00000006eab00000)
 Metaspace       used 33729K, capacity 35362K, committed 35496K, reserved 1079296K
  class space    used 4467K, capacity 4791K, committed 4864K, reserved 1048576K
Event: 21.772 GC heap after
Heap after GC invocations=4 (full 2):
 PSYoungGen      total 305664K, used 0K [0x000000076ab00000, 0x0000000782e00000, 0x00000007c0000000)
  eden space 262144K, 0% used [0x000000076ab00000,0x000000076ab00000,0x000000077ab00000)
  from space 43520K, 0% used [0x000000077d580000,0x000000077d580000,0x0000000780000000)
  to   space 43520K, 0% used [0x000000077ab00000,0x000000077ab00000,0x000000077d580000)
 ParOldGen       total 832512K, used 24295K [0x00000006c0000000, 0x00000006f2d00000, 0x000000076ab00000)
  object space 832512K, 2% used [0x00000006c0000000,0x00000006c17b9d38,0x00000006f2d00000)
 Metaspace       used 33729K, capacity 35362K, committed 35496K, reserved 1079296K
  class space    used 4467K, capacity 4791K, committed 4864K, reserved 1048576K
}

