# JRE version: Java(TM) SE Runtime Environment (8.0_211-b12) (build 1.8.0_211-b12)
# Java VM: Java HotSpot(TM) 64-Bit Server VM (25.211-b12 mixed mode windows-amd64 compressed oops)
Heap:
 PSYoungGen      total 278016K, used 146518K [0x0000000716c00000, 0x0000000729a80000, 0x00000007c0000000)
  eden space 250368K, 58% used [0x0000000716c00000,0x000000071fb158f8,0x0000000726080000)
  from space 27648K, 0% used [0x0000000727a00000,0x0000000727a00000,0x0000000729500000)
  to   space 26112K, 0% used [0x0000000726080000,0x0000000726080000,0x0000000727a00000)
 ParOldGen       total 498688K, used 24498K [0x00000005c4400000, 0x00000005e2b00000, 0x0000000716c00000)
  object space 498688K, 4% used [0x00000005c4400000,0x00000005c5becbe0,0x00000005e2b00000)
 Metaspace       used 68118K, capacity 71652K, committed 71896K, reserved 1112064K
  class space    used 9067K, capacity 9677K, committed 9688K, reserved 1048576K
GC Heap History (10 events):
Event: 3.659 GC heap before
{Heap before GC invocations=5 (full 1):
 PSYoungGen      total 151552K, used 123412K [0x0000000716c00000, 0x0000000724780000, 0x00000007c0000000)
  eden space 130048K, 85% used [0x0000000716c00000,0x000000071d87d830,0x000000071eb00000)
  from space 21504K, 57% used [0x000000071eb00000,0x000000071f707a18,0x0000000720000000)
  to   space 21504K, 0% used [0x0000000723280000,0x0000000723280000,0x0000000724780000)
 ParOldGen       total 210432K, used 10032K [0x00000005c4400000, 0x00000005d1180000, 0x0000000716c00000)
  object space 210432K, 4% used [0x00000005c4400000,0x00000005c4dcc380,0x00000005d1180000)
 Metaspace       used 33187K, capacity 35358K, committed 35416K, reserved 1079296K
  class space    used 4215K, capacity 4642K, committed 4696K, reserved 1048576K
Event: 3.666 GC heap after
Heap after GC invocations=5 (full 1):
 PSYoungGen      total 203264K, used 9688K [0x0000000716c00000, 0x0000000724a00000, 0x00000007c0000000)
  eden space 181760K, 0% used [0x0000000716c00000,0x0000000716c00000,0x0000000721d80000)
  from space 21504K, 45% used [0x0000000723280000,0x0000000723bf6350,0x0000000724780000)
  to   space 21504K, 0% used [0x0000000721d80000,0x0000000721d80000,0x0000000723280000)
 ParOldGen       total 210432K, used 10040K [0x00000005c4400000, 0x00000005d1180000, 0x0000000716c00000)
  object space 210432K, 4% used [0x00000005c4400000,0x00000005c4dce380,0x00000005d1180000)
 Metaspace       used 33187K, capacity 35358K, committed 35416K, reserved 1079296K
  class space    used 4215K, capacity 4642K, committed 4696K, reserved 1048576K
}
Event: 3.666 GC heap before
{Heap before GC invocations=6 (full 2):
 PSYoungGen      total 203264K, used 9688K [0x0000000716c00000, 0x0000000724a00000, 0x00000007c0000000)
  eden space 181760K, 0% used [0x0000000716c00000,0x0000000716c00000,0x0000000721d80000)
  from space 21504K, 45% used [0x0000000723280000,0x0000000723bf6350,0x0000000724780000)
  to   space 21504K, 0% used [0x0000000721d80000,0x0000000721d80000,0x0000000723280000)
 ParOldGen       total 210432K, used 10040K [0x00000005c4400000, 0x00000005d1180000, 0x0000000716c00000)
  object space 210432K, 4% used [0x00000005c4400000,0x00000005c4dce380,0x00000005d1180000)
 Metaspace       used 33187K, capacity 35358K, committed 35416K, reserved 1079296K
  class space    used 4215K, capacity 4642K, committed 4696K, reserved 1048576K
Event: 3.711 GC heap after
Heap after GC invocations=6 (full 2):
 PSYoungGen      total 203264K, used 0K [0x0000000716c00000, 0x0000000724a00000, 0x00000007c0000000)
  eden space 181760K, 0% used [0x0000000716c00000,0x0000000716c00000,0x0000000721d80000)
  from space 21504K, 0% used [0x0000000723280000,0x0000000723280000,0x0000000724780000)
  to   space 21504K, 0% used [0x0000000721d80000,0x0000000721d80000,0x0000000723280000)
 ParOldGen       total 343040K, used 14521K [0x00000005c4400000, 0x00000005d9300000, 0x0000000716c00000)
  object space 343040K, 4% used [0x00000005c4400000,0x00000005c522e6f0,0x00000005d9300000)
 Metaspace       used 33187K, capacity 35358K, committed 35416K, reserved 1079296K
  class space    used 4215K, capacity 4642K, committed 4696K, reserved 1048576K
}
Event: 6.450 GC heap before
{Heap before GC invocations=7 (full 2):
 PSYoungGen      total 203264K, used 181760K [0x0000000716c00000, 0x0000000724a00000, 0x00000007c0000000)
  eden space 181760K, 100% used [0x0000000716c00000,0x0000000721d80000,0x0000000721d80000)
  from space 21504K, 0% used [0x0000000723280000,0x0000000723280000,0x0000000724780000)
  to   space 21504K, 0% used [0x0000000721d80000,0x0000000721d80000,0x0000000723280000)
 ParOldGen       total 343040K, used 14521K [0x00000005c4400000, 0x00000005d9300000, 0x0000000716c00000)
  object space 343040K, 4% used [0x00000005c4400000,0x00000005c522e6f0,0x00000005d9300000)
 Metaspace       used 51288K, capacity 53780K, committed 54232K, reserved 1095680K
  class space    used 6675K, capacity 7107K, committed 7128K, reserved 1048576K
Event: 6.480 GC heap after
Heap after GC invocations=7 (full 2):
 PSYoungGen      total 203264K, used 21499K [0x0000000716c00000, 0x0000000729500000, 0x00000007c0000000)
  eden space 181760K, 0% used [0x0000000716c00000,0x0000000716c00000,0x0000000721d80000)
  from space 21504K, 99% used [0x0000000721d80000,0x000000072327ec30,0x0000000723280000)
  to   space 27648K, 0% used [0x0000000727a00000,0x0000000727a00000,0x0000000729500000)
 ParOldGen       total 343040K, used 25751K [0x00000005c4400000, 0x00000005d9300000, 0x0000000716c00000)
  object space 343040K, 7% used [0x00000005c4400000,0x00000005c5d25cc0,0x00000005d9300000)
 Metaspace       used 51288K, capacity 53780K, committed 54232K, reserved 1095680K
  class space    used 6675K, capacity 7107K, committed 7128K, reserved 1048576K
}
Event: 7.006 GC heap before
{Heap before GC invocations=8 (full 2):
 PSYoungGen      total 203264K, used 64565K [0x0000000716c00000, 0x0000000729500000, 0x00000007c0000000)
  eden space 181760K, 23% used [0x0000000716c00000,0x000000071960ea08,0x0000000721d80000)
  from space 21504K, 99% used [0x0000000721d80000,0x000000072327ec30,0x0000000723280000)
  to   space 27648K, 0% used [0x0000000727a00000,0x0000000727a00000,0x0000000729500000)
 ParOldGen       total 343040K, used 25751K [0x00000005c4400000, 0x00000005d9300000, 0x0000000716c00000)
  object space 343040K, 7% used [0x00000005c4400000,0x00000005c5d25cc0,0x00000005d9300000)
 Metaspace       used 56198K, capacity 58678K, committed 59028K, reserved 1099776K
  class space    used 7403K, capacity 7856K, committed 7896K, reserved 1048576K
Event: 7.016 GC heap after
Heap after GC invocations=8 (full 2):
 PSYoungGen      total 278016K, used 13522K [0x0000000716c00000, 0x0000000729a80000, 0x00000007c0000000)
  eden space 250368K, 0% used [0x0000000716c00000,0x0000000716c00000,0x0000000726080000)
  from space 27648K, 48% used [0x0000000727a00000,0x00000007287349e0,0x0000000729500000)
  to   space 26112K, 0% used [0x0000000726080000,0x0000000726080000,0x0000000727a00000)
 ParOldGen       total 343040K, used 25759K [0x00000005c4400000, 0x00000005d9300000, 0x0000000716c00000)
  object space 343040K, 7% used [0x00000005c4400000,0x00000005c5d27cc0,0x00000005d9300000)
 Metaspace       used 56198K, capacity 58678K, committed 59028K, reserved 1099776K
  class space    used 7403K, capacity 7856K, committed 7896K, reserved 1048576K
}
Event: 7.016 GC heap before
{Heap before GC invocations=9 (full 3):
 PSYoungGen      total 278016K, used 13522K [0x0000000716c00000, 0x0000000729a80000, 0x00000007c0000000)
  eden space 250368K, 0% used [0x0000000716c00000,0x0000000716c00000,0x0000000726080000)
  from space 27648K, 48% used [0x0000000727a00000,0x00000007287349e0,0x0000000729500000)
  to   space 26112K, 0% used [0x0000000726080000,0x0000000726080000,0x0000000727a00000)
 ParOldGen       total 343040K, used 25759K [0x00000005c4400000, 0x00000005d9300000, 0x0000000716c00000)
  object space 343040K, 7% used [0x00000005c4400000,0x00000005c5d27cc0,0x00000005d9300000)
 Metaspace       used 56198K, capacity 58678K, committed 59028K, reserved 1099776K
  class space    used 7403K, capacity 7856K, committed 7896K, reserved 1048576K
Event: 7.195 GC heap after
Heap after GC invocations=9 (full 3):
 PSYoungGen      total 278016K, used 0K [0x0000000716c00000, 0x0000000729a80000, 0x00000007c0000000)
  eden space 250368K, 0% used [0x0000000716c00000,0x0000000716c00000,0x0000000726080000)
  from space 27648K, 0% used [0x0000000727a00000,0x0000000727a00000,0x0000000729500000)
  to   space 26112K, 0% used [0x0000000726080000,0x0000000726080000,0x0000000727a00000)
 ParOldGen       total 498688K, used 24498K [0x00000005c4400000, 0x00000005e2b00000, 0x0000000716c00000)
  object space 498688K, 4% used [0x00000005c4400000,0x00000005c5becbe0,0x00000005e2b00000)
 Metaspace       used 56198K, capacity 58678K, committed 59028K, reserved 1099776K
  class space    used 7403K, capacity 7856K, committed 7896K, reserved 1048576K
}

