# JRE version: Java(TM) SE Runtime Environment (8.0_181-b13) (build 1.8.0_181-b13)
# Java VM: Java HotSpot(TM) 64-Bit Server VM (25.181-b13 mixed mode windows-amd64 compressed oops)
Heap:
 PSYoungGen      total 96256K, used 17861K [0x000000076b500000, 0x0000000772180000, 0x00000007c0000000)
  eden space 85504K, 20% used [0x000000076b500000,0x000000076c671668,0x0000000770880000)
  from space 10752K, 0% used [0x0000000771700000,0x0000000771700000,0x0000000772180000)
  to   space 10752K, 0% used [0x0000000770c80000,0x0000000770c80000,0x0000000771700000)
 ParOldGen       total 184320K, used 17571K [0x00000006c1e00000, 0x00000006cd200000, 0x000000076b500000)
  object space 184320K, 9% used [0x00000006c1e00000,0x00000006c2f28ee0,0x00000006cd200000)
 Metaspace       used 38253K, capacity 39834K, committed 40104K, reserved 1083392K
  class space    used 4874K, capacity 5174K, committed 5288K, reserved 1048576K
GC Heap History (10 events):
Event: 1.559 GC heap before
{Heap before GC invocations=2 (full 0):
 PSYoungGen      total 76288K, used 47997K [0x000000076b500000, 0x0000000770a00000, 0x00000007c0000000)
  eden space 65536K, 58% used [0x000000076b500000,0x000000076dabf2f0,0x000000076f500000)
  from space 10752K, 86% used [0x000000076f500000,0x000000076fe203d8,0x000000076ff80000)
  to   space 10752K, 0% used [0x000000076ff80000,0x000000076ff80000,0x0000000770a00000)
 ParOldGen       total 175104K, used 8K [0x00000006c1e00000, 0x00000006cc900000, 0x000000076b500000)
  object space 175104K, 0% used [0x00000006c1e00000,0x00000006c1e02000,0x00000006cc900000)
 Metaspace       used 20693K, capacity 21196K, committed 21296K, reserved 1067008K
  class space    used 2680K, capacity 2823K, committed 2864K, reserved 1048576K
Event: 1.573 GC heap after
Heap after GC invocations=2 (full 0):
 PSYoungGen      total 76288K, used 9832K [0x000000076b500000, 0x0000000774a00000, 0x00000007c0000000)
  eden space 65536K, 0% used [0x000000076b500000,0x000000076b500000,0x000000076f500000)
  from space 10752K, 91% used [0x000000076ff80000,0x000000077091a060,0x0000000770a00000)
  to   space 10752K, 0% used [0x000000076f500000,0x000000076f500000,0x000000076ff80000)
 ParOldGen       total 175104K, used 16K [0x00000006c1e00000, 0x00000006cc900000, 0x000000076b500000)
  object space 175104K, 0% used [0x00000006c1e00000,0x00000006c1e04000,0x00000006cc900000)
 Metaspace       used 20693K, capacity 21196K, committed 21296K, reserved 1067008K
  class space    used 2680K, capacity 2823K, committed 2864K, reserved 1048576K
}
Event: 1.573 GC heap before
{Heap before GC invocations=3 (full 1):
 PSYoungGen      total 76288K, used 9832K [0x000000076b500000, 0x0000000774a00000, 0x00000007c0000000)
  eden space 65536K, 0% used [0x000000076b500000,0x000000076b500000,0x000000076f500000)
  from space 10752K, 91% used [0x000000076ff80000,0x000000077091a060,0x0000000770a00000)
  to   space 10752K, 0% used [0x000000076f500000,0x000000076f500000,0x000000076ff80000)
 ParOldGen       total 175104K, used 16K [0x00000006c1e00000, 0x00000006cc900000, 0x000000076b500000)
  object space 175104K, 0% used [0x00000006c1e00000,0x00000006c1e04000,0x00000006cc900000)
 Metaspace       used 20693K, capacity 21196K, committed 21296K, reserved 1067008K
  class space    used 2680K, capacity 2823K, committed 2864K, reserved 1048576K
Event: 1.613 GC heap after
Heap after GC invocations=3 (full 1):
 PSYoungGen      total 76288K, used 0K [0x000000076b500000, 0x0000000774a00000, 0x00000007c0000000)
  eden space 65536K, 0% used [0x000000076b500000,0x000000076b500000,0x000000076f500000)
  from space 10752K, 0% used [0x000000076ff80000,0x000000076ff80000,0x0000000770a00000)
  to   space 10752K, 0% used [0x000000076f500000,0x000000076f500000,0x000000076ff80000)
 ParOldGen       total 112640K, used 9381K [0x00000006c1e00000, 0x00000006c8c00000, 0x000000076b500000)
  object space 112640K, 8% used [0x00000006c1e00000,0x00000006c27295e8,0x00000006c8c00000)
 Metaspace       used 20691K, capacity 21190K, committed 21296K, reserved 1067008K
  class space    used 2680K, capacity 2822K, committed 2864K, reserved 1048576K
}
Event: 3.463 GC heap before
{Heap before GC invocations=4 (full 1):
 PSYoungGen      total 76288K, used 65536K [0x000000076b500000, 0x0000000774a00000, 0x00000007c0000000)
  eden space 65536K, 100% used [0x000000076b500000,0x000000076f500000,0x000000076f500000)
  from space 10752K, 0% used [0x000000076ff80000,0x000000076ff80000,0x0000000770a00000)
  to   space 10752K, 0% used [0x000000076f500000,0x000000076f500000,0x000000076ff80000)
 ParOldGen       total 112640K, used 9381K [0x00000006c1e00000, 0x00000006c8c00000, 0x000000076b500000)
  object space 112640K, 8% used [0x00000006c1e00000,0x00000006c27295e8,0x00000006c8c00000)
 Metaspace       used 28636K, capacity 29782K, committed 30128K, reserved 1075200K
  class space    used 3700K, capacity 3948K, committed 4016K, reserved 1048576K
Event: 3.471 GC heap after
Heap after GC invocations=4 (full 1):
 PSYoungGen      total 76288K, used 10749K [0x000000076b500000, 0x0000000772180000, 0x00000007c0000000)
  eden space 65536K, 0% used [0x000000076b500000,0x000000076b500000,0x000000076f500000)
  from space 10752K, 99% used [0x000000076f500000,0x000000076ff7f680,0x000000076ff80000)
  to   space 10752K, 0% used [0x0000000771700000,0x0000000771700000,0x0000000772180000)
 ParOldGen       total 112640K, used 9698K [0x00000006c1e00000, 0x00000006c8c00000, 0x000000076b500000)
  object space 112640K, 8% used [0x00000006c1e00000,0x00000006c2778a90,0x00000006c8c00000)
 Metaspace       used 28636K, capacity 29782K, committed 30128K, reserved 1075200K
  class space    used 3700K, capacity 3948K, committed 4016K, reserved 1048576K
}
Event: 16.812 GC heap before
{Heap before GC invocations=5 (full 1):
 PSYoungGen      total 76288K, used 66807K [0x000000076b500000, 0x0000000772180000, 0x00000007c0000000)
  eden space 65536K, 85% used [0x000000076b500000,0x000000076ebbe920,0x000000076f500000)
  from space 10752K, 99% used [0x000000076f500000,0x000000076ff7f680,0x000000076ff80000)
  to   space 10752K, 0% used [0x0000000771700000,0x0000000771700000,0x0000000772180000)
 ParOldGen       total 112640K, used 9698K [0x00000006c1e00000, 0x00000006c8c00000, 0x000000076b500000)
  object space 112640K, 8% used [0x00000006c1e00000,0x00000006c2778a90,0x00000006c8c00000)
 Metaspace       used 33861K, capacity 35364K, committed 35496K, reserved 1079296K
  class space    used 4370K, capacity 4661K, committed 4776K, reserved 1048576K
Event: 16.823 GC heap after
Heap after GC invocations=5 (full 1):
 PSYoungGen      total 96256K, used 10740K [0x000000076b500000, 0x0000000772180000, 0x00000007c0000000)
  eden space 85504K, 0% used [0x000000076b500000,0x000000076b500000,0x0000000770880000)
  from space 10752K, 99% used [0x0000000771700000,0x000000077217d000,0x0000000772180000)
  to   space 10752K, 0% used [0x0000000770c80000,0x0000000770c80000,0x0000000771700000)
 ParOldGen       total 112640K, used 13371K [0x00000006c1e00000, 0x00000006c8c00000, 0x000000076b500000)
  object space 112640K, 11% used [0x00000006c1e00000,0x00000006c2b0ed88,0x00000006c8c00000)
 Metaspace       used 33861K, capacity 35364K, committed 35496K, reserved 1079296K
  class space    used 4370K, capacity 4661K, committed 4776K, reserved 1048576K
}
Event: 16.823 GC heap before
{Heap before GC invocations=6 (full 2):
 PSYoungGen      total 96256K, used 10740K [0x000000076b500000, 0x0000000772180000, 0x00000007c0000000)
  eden space 85504K, 0% used [0x000000076b500000,0x000000076b500000,0x0000000770880000)
  from space 10752K, 99% used [0x0000000771700000,0x000000077217d000,0x0000000772180000)
  to   space 10752K, 0% used [0x0000000770c80000,0x0000000770c80000,0x0000000771700000)
 ParOldGen       total 112640K, used 13371K [0x00000006c1e00000, 0x00000006c8c00000, 0x000000076b500000)
  object space 112640K, 11% used [0x00000006c1e00000,0x00000006c2b0ed88,0x00000006c8c00000)
 Metaspace       used 33861K, capacity 35364K, committed 35496K, reserved 1079296K
  class space    used 4370K, capacity 4661K, committed 4776K, reserved 1048576K
Event: 16.902 GC heap after
Heap after GC invocations=6 (full 2):
 PSYoungGen      total 96256K, used 0K [0x000000076b500000, 0x0000000772180000, 0x00000007c0000000)
  eden space 85504K, 0% used [0x000000076b500000,0x000000076b500000,0x0000000770880000)
  from space 10752K, 0% used [0x0000000771700000,0x0000000771700000,0x0000000772180000)
  to   space 10752K, 0% used [0x0000000770c80000,0x0000000770c80000,0x0000000771700000)
 ParOldGen       total 184320K, used 17571K [0x00000006c1e00000, 0x00000006cd200000, 0x000000076b500000)
  object space 184320K, 9% used [0x00000006c1e00000,0x00000006c2f28ee0,0x00000006cd200000)
 Metaspace       used 33861K, capacity 35364K, committed 35496K, reserved 1079296K
  class space    used 4370K, capacity 4661K, committed 4776K, reserved 1048576K
}

